[2024-10-01T16:50:56.572+0000] {manager.py:487} INFO - Processing files using up to 2 processes at a time 
[2024-10-01T16:50:56.573+0000] {manager.py:488} INFO - Process each file at most once every 30 seconds
[2024-10-01T16:50:56.573+0000] {manager.py:489} INFO - Checking for new files in /opt/airflow/dags every 300 seconds
[2024-10-01T16:50:56.573+0000] {manager.py:755} INFO - Searching for files in /opt/airflow/dags
[2024-10-01T16:50:56.581+0000] {manager.py:758} INFO - There are 1 files in /opt/airflow/dags
[2024-10-01T16:50:56.624+0000] {manager.py:887} INFO - 
================================================================================
DAG File Processing Stats

File Path                                  PID  Runtime      # DAGs    # Errors  Last Runtime    Last Run
---------------------------------------  -----  ---------  --------  ----------  --------------  ----------
/opt/airflow/dags/recommendation_dag.py     35  0.02s             0           0
================================================================================
[2024-10-01T16:52:53.403+0000] {manager.py:487} INFO - Processing files using up to 2 processes at a time 
[2024-10-01T16:52:53.404+0000] {manager.py:488} INFO - Process each file at most once every 30 seconds
[2024-10-01T16:52:53.404+0000] {manager.py:489} INFO - Checking for new files in /opt/airflow/dags every 300 seconds
[2024-10-01T16:52:53.404+0000] {manager.py:755} INFO - Searching for files in /opt/airflow/dags
[2024-10-01T16:52:53.408+0000] {manager.py:758} INFO - There are 1 files in /opt/airflow/dags
[2024-10-01T16:52:53.451+0000] {manager.py:887} INFO - 
================================================================================
DAG File Processing Stats

File Path                                  PID  Runtime      # DAGs    # Errors  Last Runtime    Last Run
---------------------------------------  -----  ---------  --------  ----------  --------------  ----------
/opt/airflow/dags/recommendation_dag.py     34  0.02s             0           0
================================================================================
[2024-10-01T16:53:02.268+0000] {manager.py:469} INFO - Exiting gracefully upon receiving signal 15
[2024-10-01T17:19:19.393+0000] {manager.py:487} INFO - Processing files using up to 2 processes at a time 
[2024-10-01T17:19:19.394+0000] {manager.py:488} INFO - Process each file at most once every 30 seconds
[2024-10-01T17:19:19.394+0000] {manager.py:489} INFO - Checking for new files in /opt/airflow/dags every 300 seconds
[2024-10-01T17:19:19.394+0000] {manager.py:755} INFO - Searching for files in /opt/airflow/dags
[2024-10-01T17:19:19.398+0000] {manager.py:758} INFO - There are 1 files in /opt/airflow/dags
[2024-10-01T17:19:19.435+0000] {manager.py:887} INFO - 
================================================================================
DAG File Processing Stats

File Path                                  PID  Runtime      # DAGs    # Errors  Last Runtime    Last Run
---------------------------------------  -----  ---------  --------  ----------  --------------  ----------
/opt/airflow/dags/recommendation_dag.py     35  0.02s             0           0
================================================================================
[2024-10-01T17:19:49.711+0000] {manager.py:887} INFO - 
================================================================================
DAG File Processing Stats

File Path                                  PID  Runtime      # DAGs    # Errors  Last Runtime    Last Run
---------------------------------------  -----  ---------  --------  ----------  --------------  -------------------
/opt/airflow/dags/recommendation_dag.py     36  0.01s             1           0  0.07s           2024-10-01T17:19:19
================================================================================
[2024-10-01T17:20:20.049+0000] {manager.py:887} INFO - 
================================================================================
DAG File Processing Stats

File Path                                  PID  Runtime      # DAGs    # Errors  Last Runtime    Last Run
---------------------------------------  -----  ---------  --------  ----------  --------------  -------------------
/opt/airflow/dags/recommendation_dag.py     37  0.01s             1           0  0.15s           2024-10-01T17:19:49
================================================================================
[2024-10-01T17:20:50.494+0000] {manager.py:887} INFO - 
================================================================================
DAG File Processing Stats

File Path                                  PID  Runtime      # DAGs    # Errors  Last Runtime    Last Run
---------------------------------------  -----  ---------  --------  ----------  --------------  -------------------
/opt/airflow/dags/recommendation_dag.py     38  0.01s             1           0  0.09s           2024-10-01T17:20:20
================================================================================
[2024-10-01T17:21:20.816+0000] {manager.py:887} INFO - 
================================================================================
DAG File Processing Stats

File Path                                  PID  Runtime      # DAGs    # Errors  Last Runtime    Last Run
---------------------------------------  -----  ---------  --------  ----------  --------------  -------------------
/opt/airflow/dags/recommendation_dag.py     39  0.01s             1           0  0.10s           2024-10-01T17:20:50
================================================================================
[2024-10-01T17:21:51.070+0000] {manager.py:887} INFO - 
================================================================================
DAG File Processing Stats

File Path                                  PID  Runtime      # DAGs    # Errors  Last Runtime    Last Run
---------------------------------------  -----  ---------  --------  ----------  --------------  -------------------
/opt/airflow/dags/recommendation_dag.py     40  0.00s             1           0  0.11s           2024-10-01T17:21:20
================================================================================
[2024-10-01T17:22:21.405+0000] {manager.py:887} INFO - 
================================================================================
DAG File Processing Stats

File Path                                  PID  Runtime      # DAGs    # Errors  Last Runtime    Last Run
---------------------------------------  -----  ---------  --------  ----------  --------------  -------------------
/opt/airflow/dags/recommendation_dag.py     41  0.01s             1           0  0.09s           2024-10-01T17:21:51
================================================================================
[2024-10-01T17:22:51.713+0000] {manager.py:887} INFO - 
================================================================================
DAG File Processing Stats

File Path                                  PID  Runtime      # DAGs    # Errors  Last Runtime    Last Run
---------------------------------------  -----  ---------  --------  ----------  --------------  -------------------
/opt/airflow/dags/recommendation_dag.py     42  0.01s             1           0  0.11s           2024-10-01T17:22:21
================================================================================
[2024-10-01T17:23:22.024+0000] {manager.py:887} INFO - 
================================================================================
DAG File Processing Stats

File Path                                  PID  Runtime      # DAGs    # Errors  Last Runtime    Last Run
---------------------------------------  -----  ---------  --------  ----------  --------------  -------------------
/opt/airflow/dags/recommendation_dag.py     71  0.01s             1           0  0.09s           2024-10-01T17:22:51
================================================================================
[2024-10-01T17:23:52.335+0000] {manager.py:887} INFO - 
================================================================================
DAG File Processing Stats

File Path                                  PID  Runtime      # DAGs    # Errors  Last Runtime    Last Run
---------------------------------------  -----  ---------  --------  ----------  --------------  -------------------
/opt/airflow/dags/recommendation_dag.py     72  0.01s             1           0  0.10s           2024-10-01T17:23:22
================================================================================
[2024-10-01T17:24:19.612+0000] {manager.py:755} INFO - Searching for files in /opt/airflow/dags
[2024-10-01T17:24:19.624+0000] {manager.py:758} INFO - There are 1 files in /opt/airflow/dags
[2024-10-01T17:24:22.672+0000] {manager.py:887} INFO - 
================================================================================
DAG File Processing Stats

File Path                                  PID  Runtime      # DAGs    # Errors  Last Runtime    Last Run
---------------------------------------  -----  ---------  --------  ----------  --------------  -------------------
/opt/airflow/dags/recommendation_dag.py     73  0.00s             1           0  0.11s           2024-10-01T17:23:52
================================================================================
[2024-10-01T17:24:53.010+0000] {manager.py:887} INFO - 
================================================================================
DAG File Processing Stats

File Path                                  PID  Runtime      # DAGs    # Errors  Last Runtime    Last Run
---------------------------------------  -----  ---------  --------  ----------  --------------  -------------------
/opt/airflow/dags/recommendation_dag.py     74  0.01s             1           0  0.10s           2024-10-01T17:24:22
================================================================================
[2024-10-01T17:25:23.457+0000] {manager.py:887} INFO - 
================================================================================
DAG File Processing Stats

File Path                                  PID  Runtime      # DAGs    # Errors  Last Runtime    Last Run
---------------------------------------  -----  ---------  --------  ----------  --------------  -------------------
/opt/airflow/dags/recommendation_dag.py    101  0.01s             1           0  0.12s           2024-10-01T17:24:53
================================================================================
[2024-10-01T17:25:53.739+0000] {manager.py:887} INFO - 
================================================================================
DAG File Processing Stats

File Path                                  PID  Runtime      # DAGs    # Errors  Last Runtime    Last Run
---------------------------------------  -----  ---------  --------  ----------  --------------  -------------------
/opt/airflow/dags/recommendation_dag.py    102  0.01s             1           0  0.14s           2024-10-01T17:25:23
================================================================================
[2024-10-01T17:26:24.063+0000] {manager.py:887} INFO - 
================================================================================
DAG File Processing Stats

File Path                                  PID  Runtime      # DAGs    # Errors  Last Runtime    Last Run
---------------------------------------  -----  ---------  --------  ----------  --------------  -------------------
/opt/airflow/dags/recommendation_dag.py    103  0.01s             1           0  0.12s           2024-10-01T17:25:53
================================================================================
[2024-10-01T17:26:54.349+0000] {manager.py:887} INFO - 
================================================================================
DAG File Processing Stats

File Path                                  PID  Runtime      # DAGs    # Errors  Last Runtime    Last Run
---------------------------------------  -----  ---------  --------  ----------  --------------  -------------------
/opt/airflow/dags/recommendation_dag.py    104  0.00s             1           0  0.13s           2024-10-01T17:26:24
================================================================================
[2024-10-01T17:27:24.676+0000] {manager.py:887} INFO - 
================================================================================
DAG File Processing Stats

File Path                                  PID  Runtime      # DAGs    # Errors  Last Runtime    Last Run
---------------------------------------  -----  ---------  --------  ----------  --------------  -------------------
/opt/airflow/dags/recommendation_dag.py    135  0.01s             1           0  0.09s           2024-10-01T17:26:54
================================================================================
[2024-10-01T17:27:54.958+0000] {manager.py:887} INFO - 
================================================================================
DAG File Processing Stats

File Path                                  PID  Runtime      # DAGs    # Errors  Last Runtime    Last Run
---------------------------------------  -----  ---------  --------  ----------  --------------  -------------------
/opt/airflow/dags/recommendation_dag.py    136  0.00s             1           0  0.12s           2024-10-01T17:27:24
================================================================================
[2024-10-01T17:28:25.348+0000] {manager.py:887} INFO - 
================================================================================
DAG File Processing Stats

File Path                                  PID  Runtime      # DAGs    # Errors  Last Runtime    Last Run
---------------------------------------  -----  ---------  --------  ----------  --------------  -------------------
/opt/airflow/dags/recommendation_dag.py    137  0.01s             1           0  0.13s           2024-10-01T17:27:55
================================================================================
[2024-10-01T17:28:55.616+0000] {manager.py:887} INFO - 
================================================================================
DAG File Processing Stats

File Path                                  PID  Runtime      # DAGs    # Errors  Last Runtime    Last Run
---------------------------------------  -----  ---------  --------  ----------  --------------  -------------------
/opt/airflow/dags/recommendation_dag.py    138  0.00s             1           0  0.12s           2024-10-01T17:28:25
================================================================================
[2024-10-01T17:29:19.870+0000] {manager.py:755} INFO - Searching for files in /opt/airflow/dags
[2024-10-01T17:29:19.888+0000] {manager.py:758} INFO - There are 1 files in /opt/airflow/dags
[2024-10-01T17:29:25.974+0000] {manager.py:887} INFO - 
================================================================================
DAG File Processing Stats

File Path                                  PID  Runtime      # DAGs    # Errors  Last Runtime    Last Run
---------------------------------------  -----  ---------  --------  ----------  --------------  -------------------
/opt/airflow/dags/recommendation_dag.py    169  0.01s             1           0  0.07s           2024-10-01T17:28:55
================================================================================
[2024-10-01T17:29:56.262+0000] {manager.py:887} INFO - 
================================================================================
DAG File Processing Stats

File Path                                  PID  Runtime      # DAGs    # Errors  Last Runtime    Last Run
---------------------------------------  -----  ---------  --------  ----------  --------------  -------------------
/opt/airflow/dags/recommendation_dag.py    170  0.00s             1           0  0.19s           2024-10-01T17:29:26
================================================================================
[2024-10-01T17:30:26.596+0000] {manager.py:887} INFO - 
================================================================================
DAG File Processing Stats

File Path                                  PID  Runtime      # DAGs    # Errors  Last Runtime    Last Run
---------------------------------------  -----  ---------  --------  ----------  --------------  -------------------
/opt/airflow/dags/recommendation_dag.py    171  0.01s             1           0  0.09s           2024-10-01T17:29:56
================================================================================
[2024-10-01T19:43:04.489+0000] {manager.py:487} INFO - Processing files using up to 2 processes at a time 
[2024-10-01T19:43:04.490+0000] {manager.py:488} INFO - Process each file at most once every 30 seconds
[2024-10-01T19:43:04.490+0000] {manager.py:489} INFO - Checking for new files in /opt/airflow/dags every 300 seconds
[2024-10-01T19:43:04.490+0000] {manager.py:755} INFO - Searching for files in /opt/airflow/dags
[2024-10-01T19:43:04.494+0000] {manager.py:758} INFO - There are 1 files in /opt/airflow/dags
[2024-10-01T19:43:04.542+0000] {manager.py:887} INFO - 
================================================================================
DAG File Processing Stats

File Path                                  PID  Runtime      # DAGs    # Errors  Last Runtime    Last Run
---------------------------------------  -----  ---------  --------  ----------  --------------  ----------
/opt/airflow/dags/recommendation_dag.py     35  0.03s             0           0
================================================================================
[2024-10-01T19:43:34.831+0000] {manager.py:887} INFO - 
================================================================================
DAG File Processing Stats

File Path                                  PID  Runtime      # DAGs    # Errors  Last Runtime    Last Run
---------------------------------------  -----  ---------  --------  ----------  --------------  -------------------
/opt/airflow/dags/recommendation_dag.py     47  0.01s             1           0  0.10s           2024-10-01T19:43:04
================================================================================
[2024-10-01T19:44:05.256+0000] {manager.py:887} INFO - 
================================================================================
DAG File Processing Stats

File Path                                  PID  Runtime      # DAGs    # Errors  Last Runtime    Last Run
---------------------------------------  -----  ---------  --------  ----------  --------------  -------------------
/opt/airflow/dags/recommendation_dag.py     48  0.01s             1           0  0.11s           2024-10-01T19:43:34
================================================================================
[2024-10-01T19:44:35.761+0000] {manager.py:887} INFO - 
================================================================================
DAG File Processing Stats

File Path                                  PID  Runtime      # DAGs    # Errors  Last Runtime    Last Run
---------------------------------------  -----  ---------  --------  ----------  --------------  -------------------
/opt/airflow/dags/recommendation_dag.py     49  0.02s             1           0  0.16s           2024-10-01T19:44:05
================================================================================
[2024-10-01T19:45:06.077+0000] {manager.py:887} INFO - 
================================================================================
DAG File Processing Stats

File Path                                  PID  Runtime      # DAGs    # Errors  Last Runtime    Last Run
---------------------------------------  -----  ---------  --------  ----------  --------------  -------------------
/opt/airflow/dags/recommendation_dag.py     50  0.01s             1           0  0.18s           2024-10-01T19:44:35
================================================================================
[2024-10-01T19:45:36.363+0000] {manager.py:887} INFO - 
================================================================================
DAG File Processing Stats

File Path                                  PID  Runtime      # DAGs    # Errors  Last Runtime    Last Run
---------------------------------------  -----  ---------  --------  ----------  --------------  -------------------
/opt/airflow/dags/recommendation_dag.py     77  0.00s             1           0  0.09s           2024-10-01T19:45:06
================================================================================
[2024-10-01T19:46:06.651+0000] {manager.py:887} INFO - 
================================================================================
DAG File Processing Stats

File Path                                  PID  Runtime      # DAGs    # Errors  Last Runtime    Last Run
---------------------------------------  -----  ---------  --------  ----------  --------------  -------------------
/opt/airflow/dags/recommendation_dag.py     78  0.01s             1           0  0.19s           2024-10-01T19:45:36
================================================================================
[2024-10-01T19:46:36.954+0000] {manager.py:887} INFO - 
================================================================================
DAG File Processing Stats

File Path                                  PID  Runtime      # DAGs    # Errors  Last Runtime    Last Run
---------------------------------------  -----  ---------  --------  ----------  --------------  -------------------
/opt/airflow/dags/recommendation_dag.py     79  0.01s             1           0  0.09s           2024-10-01T19:46:06
================================================================================
[2024-10-01T19:47:07.299+0000] {manager.py:887} INFO - 
================================================================================
DAG File Processing Stats

File Path                                  PID  Runtime      # DAGs    # Errors  Last Runtime    Last Run
---------------------------------------  -----  ---------  --------  ----------  --------------  -------------------
/opt/airflow/dags/recommendation_dag.py     80  0.01s             1           0  0.12s           2024-10-01T19:46:37
================================================================================
[2024-10-01T19:47:37.553+0000] {manager.py:887} INFO - 
================================================================================
DAG File Processing Stats

File Path                                  PID  Runtime      # DAGs    # Errors  Last Runtime    Last Run
---------------------------------------  -----  ---------  --------  ----------  --------------  -------------------
/opt/airflow/dags/recommendation_dag.py    102  0.00s             1           0  0.14s           2024-10-01T19:47:07
================================================================================
[2024-10-01T19:48:04.865+0000] {manager.py:755} INFO - Searching for files in /opt/airflow/dags
[2024-10-01T19:48:04.870+0000] {manager.py:758} INFO - There are 1 files in /opt/airflow/dags
[2024-10-01T19:48:07.910+0000] {manager.py:887} INFO - 
================================================================================
DAG File Processing Stats

File Path                                  PID  Runtime      # DAGs    # Errors  Last Runtime    Last Run
---------------------------------------  -----  ---------  --------  ----------  --------------  -------------------
/opt/airflow/dags/recommendation_dag.py    103  0.00s             1           0  0.11s           2024-10-01T19:47:37
================================================================================
[2024-10-01T19:48:38.224+0000] {manager.py:887} INFO - 
================================================================================
DAG File Processing Stats

File Path                                  PID  Runtime      # DAGs    # Errors  Last Runtime    Last Run
---------------------------------------  -----  ---------  --------  ----------  --------------  -------------------
/opt/airflow/dags/recommendation_dag.py    104  0.01s             1           0  0.08s           2024-10-01T19:48:07
================================================================================
[2024-10-01T19:49:08.490+0000] {manager.py:887} INFO - 
================================================================================
DAG File Processing Stats

File Path                                  PID  Runtime      # DAGs    # Errors  Last Runtime    Last Run
---------------------------------------  -----  ---------  --------  ----------  --------------  -------------------
/opt/airflow/dags/recommendation_dag.py    105  0.00s             1           0  0.13s           2024-10-01T19:48:38
================================================================================
[2024-10-01T19:49:48.236+0000] {manager.py:487} INFO - Processing files using up to 2 processes at a time 
[2024-10-01T19:49:48.236+0000] {manager.py:488} INFO - Process each file at most once every 30 seconds
[2024-10-01T19:49:48.236+0000] {manager.py:489} INFO - Checking for new files in /opt/airflow/dags every 300 seconds
[2024-10-01T19:49:48.236+0000] {manager.py:755} INFO - Searching for files in /opt/airflow/dags
[2024-10-01T19:49:48.239+0000] {manager.py:758} INFO - There are 1 files in /opt/airflow/dags
[2024-10-01T19:49:48.322+0000] {manager.py:887} INFO - 
================================================================================
DAG File Processing Stats

File Path                                  PID  Runtime      # DAGs    # Errors  Last Runtime    Last Run
---------------------------------------  -----  ---------  --------  ----------  --------------  ----------
/opt/airflow/dags/recommendation_dag.py     34  0.04s             0           0
================================================================================
[2024-10-01T19:50:18.562+0000] {manager.py:887} INFO - 
================================================================================
DAG File Processing Stats

File Path                                  PID  Runtime      # DAGs    # Errors  Last Runtime    Last Run
---------------------------------------  -----  ---------  --------  ----------  --------------  -------------------
/opt/airflow/dags/recommendation_dag.py     46  0.01s             1           0  0.12s           2024-10-01T19:49:48
================================================================================
[2024-10-01T19:50:48.939+0000] {manager.py:887} INFO - 
================================================================================
DAG File Processing Stats

File Path                                  PID  Runtime      # DAGs    # Errors  Last Runtime    Last Run
---------------------------------------  -----  ---------  --------  ----------  --------------  -------------------
/opt/airflow/dags/recommendation_dag.py     47  0.01s             1           0  0.08s           2024-10-01T19:50:18
================================================================================
[2024-10-01T19:51:19.279+0000] {manager.py:887} INFO - 
================================================================================
DAG File Processing Stats

File Path                                  PID  Runtime      # DAGs    # Errors  Last Runtime    Last Run
---------------------------------------  -----  ---------  --------  ----------  --------------  -------------------
/opt/airflow/dags/recommendation_dag.py     48  0.00s             1           0  0.10s           2024-10-01T19:50:49
================================================================================
[2024-10-01T19:51:49.583+0000] {manager.py:887} INFO - 
================================================================================
DAG File Processing Stats

File Path                                  PID  Runtime      # DAGs    # Errors  Last Runtime    Last Run
---------------------------------------  -----  ---------  --------  ----------  --------------  -------------------
/opt/airflow/dags/recommendation_dag.py     49  0.01s             1           0  0.08s           2024-10-01T19:51:19
================================================================================
[2024-10-01T19:52:19.835+0000] {manager.py:887} INFO - 
================================================================================
DAG File Processing Stats

File Path                                  PID  Runtime      # DAGs    # Errors  Last Runtime    Last Run
---------------------------------------  -----  ---------  --------  ----------  --------------  -------------------
/opt/airflow/dags/recommendation_dag.py     72  0.00s             1           0  0.09s           2024-10-01T19:51:49
================================================================================
[2024-10-01T19:52:50.190+0000] {manager.py:887} INFO - 
================================================================================
DAG File Processing Stats

File Path                                  PID  Runtime      # DAGs    # Errors  Last Runtime    Last Run
---------------------------------------  -----  ---------  --------  ----------  --------------  -------------------
/opt/airflow/dags/recommendation_dag.py     73  0.01s             1           0  0.08s           2024-10-01T19:52:19
================================================================================
[2024-10-01T19:53:20.482+0000] {manager.py:887} INFO - 
================================================================================
DAG File Processing Stats

File Path                                  PID  Runtime      # DAGs    # Errors  Last Runtime    Last Run
---------------------------------------  -----  ---------  --------  ----------  --------------  -------------------
/opt/airflow/dags/recommendation_dag.py     74  0.01s             1           0  0.09s           2024-10-01T19:52:50
================================================================================
[2024-10-01T19:53:50.771+0000] {manager.py:887} INFO - 
================================================================================
DAG File Processing Stats

File Path                                  PID  Runtime      # DAGs    # Errors  Last Runtime    Last Run
---------------------------------------  -----  ---------  --------  ----------  --------------  -------------------
/opt/airflow/dags/recommendation_dag.py     75  0.00s             1           0  0.12s           2024-10-01T19:53:20
================================================================================
[2024-10-01T20:07:49.563+0000] {manager.py:487} INFO - Processing files using up to 2 processes at a time 
[2024-10-01T20:07:49.564+0000] {manager.py:488} INFO - Process each file at most once every 30 seconds
[2024-10-01T20:07:49.564+0000] {manager.py:489} INFO - Checking for new files in /opt/airflow/dags every 300 seconds
[2024-10-01T20:07:49.564+0000] {manager.py:755} INFO - Searching for files in /opt/airflow/dags
[2024-10-01T20:07:49.567+0000] {manager.py:758} INFO - There are 1 files in /opt/airflow/dags
[2024-10-01T20:07:49.680+0000] {manager.py:887} INFO - 
================================================================================
DAG File Processing Stats

File Path                                  PID  Runtime      # DAGs    # Errors  Last Runtime    Last Run
---------------------------------------  -----  ---------  --------  ----------  --------------  ----------
/opt/airflow/dags/recommendation_dag.py     34  0.07s             0           0
================================================================================
[2024-10-01T20:08:32.596+0000] {manager.py:487} INFO - Processing files using up to 2 processes at a time 
[2024-10-01T20:08:32.597+0000] {manager.py:488} INFO - Process each file at most once every 30 seconds
[2024-10-01T20:08:32.599+0000] {manager.py:489} INFO - Checking for new files in /opt/airflow/dags every 300 seconds
[2024-10-01T20:08:32.599+0000] {manager.py:755} INFO - Searching for files in /opt/airflow/dags
[2024-10-01T20:08:32.611+0000] {manager.py:758} INFO - There are 1 files in /opt/airflow/dags
[2024-10-01T20:08:32.664+0000] {manager.py:887} INFO - 
================================================================================
DAG File Processing Stats

File Path                                  PID  Runtime      # DAGs    # Errors  Last Runtime    Last Run
---------------------------------------  -----  ---------  --------  ----------  --------------  ----------
/opt/airflow/dags/recommendation_dag.py     34  0.03s             0           0
================================================================================
[2024-10-01T20:09:02.949+0000] {manager.py:887} INFO - 
================================================================================
DAG File Processing Stats

File Path                                  PID  Runtime      # DAGs    # Errors  Last Runtime    Last Run
---------------------------------------  -----  ---------  --------  ----------  --------------  -------------------
/opt/airflow/dags/recommendation_dag.py     35  0.00s             1           0  0.08s           2024-10-01T20:08:32
================================================================================
[2024-10-01T20:09:33.283+0000] {manager.py:887} INFO - 
================================================================================
DAG File Processing Stats

File Path                                  PID  Runtime      # DAGs    # Errors  Last Runtime    Last Run
---------------------------------------  -----  ---------  --------  ----------  --------------  -------------------
/opt/airflow/dags/recommendation_dag.py     36  0.01s             1           0  0.14s           2024-10-01T20:09:03
================================================================================
[2024-10-01T22:42:37.492+0000] {manager.py:487} INFO - Processing files using up to 2 processes at a time 
[2024-10-01T22:42:37.492+0000] {manager.py:488} INFO - Process each file at most once every 30 seconds
[2024-10-01T22:42:37.493+0000] {manager.py:489} INFO - Checking for new files in /opt/airflow/dags every 300 seconds
[2024-10-01T22:42:37.493+0000] {manager.py:755} INFO - Searching for files in /opt/airflow/dags
[2024-10-01T22:42:37.496+0000] {manager.py:758} INFO - There are 1 files in /opt/airflow/dags
[2024-10-01T22:42:37.554+0000] {manager.py:887} INFO - 
================================================================================
DAG File Processing Stats

File Path                                  PID  Runtime      # DAGs    # Errors  Last Runtime    Last Run
---------------------------------------  -----  ---------  --------  ----------  --------------  ----------
/opt/airflow/dags/recommendation_dag.py     35  0.03s             0           0
================================================================================
[2024-10-01T22:43:08.028+0000] {manager.py:887} INFO - 
================================================================================
DAG File Processing Stats

File Path                                PID    Runtime      # DAGs    # Errors  Last Runtime    Last Run
---------------------------------------  -----  ---------  --------  ----------  --------------  -------------------
/opt/airflow/dags/recommendation_dag.py                           1           0  0.07s           2024-10-01T22:42:58
================================================================================
[2024-10-01T22:43:38.356+0000] {manager.py:887} INFO - 
================================================================================
DAG File Processing Stats

File Path                                PID    Runtime      # DAGs    # Errors  Last Runtime    Last Run
---------------------------------------  -----  ---------  --------  ----------  --------------  -------------------
/opt/airflow/dags/recommendation_dag.py                           1           0  0.10s           2024-10-01T22:43:28
================================================================================
[2024-10-01T22:44:08.617+0000] {manager.py:887} INFO - 
================================================================================
DAG File Processing Stats

File Path                                PID    Runtime      # DAGs    # Errors  Last Runtime    Last Run
---------------------------------------  -----  ---------  --------  ----------  --------------  -------------------
/opt/airflow/dags/recommendation_dag.py                           1           0  0.06s           2024-10-01T22:43:58
================================================================================
[2024-10-01T22:44:38.869+0000] {manager.py:887} INFO - 
================================================================================
DAG File Processing Stats

File Path                                PID    Runtime      # DAGs    # Errors  Last Runtime    Last Run
---------------------------------------  -----  ---------  --------  ----------  --------------  -------------------
/opt/airflow/dags/recommendation_dag.py                           1           0  0.06s           2024-10-01T22:44:28
================================================================================
[2024-10-01T22:45:09.156+0000] {manager.py:887} INFO - 
================================================================================
DAG File Processing Stats

File Path                                PID    Runtime      # DAGs    # Errors  Last Runtime    Last Run
---------------------------------------  -----  ---------  --------  ----------  --------------  -------------------
/opt/airflow/dags/recommendation_dag.py                           1           0  0.21s           2024-10-01T22:44:59
================================================================================
[2024-10-01T22:45:39.431+0000] {manager.py:887} INFO - 
================================================================================
DAG File Processing Stats

File Path                                PID    Runtime      # DAGs    # Errors  Last Runtime    Last Run
---------------------------------------  -----  ---------  --------  ----------  --------------  -------------------
/opt/airflow/dags/recommendation_dag.py                           1           0  0.06s           2024-10-01T22:45:29
================================================================================
[2024-10-01T22:46:09.787+0000] {manager.py:887} INFO - 
================================================================================
DAG File Processing Stats

File Path                                PID    Runtime      # DAGs    # Errors  Last Runtime    Last Run
---------------------------------------  -----  ---------  --------  ----------  --------------  -------------------
/opt/airflow/dags/recommendation_dag.py                           1           0  0.21s           2024-10-01T22:45:59
================================================================================
[2024-10-01T22:46:40.086+0000] {manager.py:887} INFO - 
================================================================================
DAG File Processing Stats

File Path                                PID    Runtime      # DAGs    # Errors  Last Runtime    Last Run
---------------------------------------  -----  ---------  --------  ----------  --------------  -------------------
/opt/airflow/dags/recommendation_dag.py                           1           0  0.08s           2024-10-01T22:46:30
================================================================================
[2024-10-01T22:47:10.414+0000] {manager.py:887} INFO - 
================================================================================
DAG File Processing Stats

File Path                                PID    Runtime      # DAGs    # Errors  Last Runtime    Last Run
---------------------------------------  -----  ---------  --------  ----------  --------------  -------------------
/opt/airflow/dags/recommendation_dag.py                           1           0  0.08s           2024-10-01T22:47:00
================================================================================
[2024-10-01T22:47:37.684+0000] {manager.py:755} INFO - Searching for files in /opt/airflow/dags
[2024-10-01T22:47:37.688+0000] {manager.py:758} INFO - There are 1 files in /opt/airflow/dags
[2024-10-01T22:47:40.712+0000] {manager.py:887} INFO - 
================================================================================
DAG File Processing Stats

File Path                                PID    Runtime      # DAGs    # Errors  Last Runtime    Last Run
---------------------------------------  -----  ---------  --------  ----------  --------------  -------------------
/opt/airflow/dags/recommendation_dag.py                           1           0  0.08s           2024-10-01T22:47:30
================================================================================
[2024-10-01T22:48:10.957+0000] {manager.py:887} INFO - 
================================================================================
DAG File Processing Stats

File Path                                PID    Runtime      # DAGs    # Errors  Last Runtime    Last Run
---------------------------------------  -----  ---------  --------  ----------  --------------  -------------------
/opt/airflow/dags/recommendation_dag.py                           1           0  0.13s           2024-10-01T22:48:01
================================================================================
[2024-10-01T22:48:41.286+0000] {manager.py:887} INFO - 
================================================================================
DAG File Processing Stats

File Path                                PID    Runtime      # DAGs    # Errors  Last Runtime    Last Run
---------------------------------------  -----  ---------  --------  ----------  --------------  -------------------
/opt/airflow/dags/recommendation_dag.py                           1           0  0.16s           2024-10-01T22:48:31
================================================================================
[2024-10-01T22:49:11.603+0000] {manager.py:887} INFO - 
================================================================================
DAG File Processing Stats

File Path                                PID    Runtime      # DAGs    # Errors  Last Runtime    Last Run
---------------------------------------  -----  ---------  --------  ----------  --------------  -------------------
/opt/airflow/dags/recommendation_dag.py                           1           0  0.07s           2024-10-01T22:49:01
================================================================================
[2024-10-01T22:49:41.915+0000] {manager.py:887} INFO - 
================================================================================
DAG File Processing Stats

File Path                                PID    Runtime      # DAGs    # Errors  Last Runtime    Last Run
---------------------------------------  -----  ---------  --------  ----------  --------------  -------------------
/opt/airflow/dags/recommendation_dag.py                           1           0  0.07s           2024-10-01T22:49:31
================================================================================
[2024-10-01T22:50:12.127+0000] {manager.py:887} INFO - 
================================================================================
DAG File Processing Stats

File Path                                PID    Runtime      # DAGs    # Errors  Last Runtime    Last Run
---------------------------------------  -----  ---------  --------  ----------  --------------  -------------------
/opt/airflow/dags/recommendation_dag.py                           1           0  0.08s           2024-10-01T22:50:02
================================================================================
[2024-10-01T22:50:42.404+0000] {manager.py:887} INFO - 
================================================================================
DAG File Processing Stats

File Path                                PID    Runtime      # DAGs    # Errors  Last Runtime    Last Run
---------------------------------------  -----  ---------  --------  ----------  --------------  -------------------
/opt/airflow/dags/recommendation_dag.py                           1           0  0.11s           2024-10-01T22:50:32
================================================================================
[2024-10-01T22:51:12.698+0000] {manager.py:887} INFO - 
================================================================================
DAG File Processing Stats

File Path                                PID    Runtime      # DAGs    # Errors  Last Runtime    Last Run
---------------------------------------  -----  ---------  --------  ----------  --------------  -------------------
/opt/airflow/dags/recommendation_dag.py                           1           0  0.11s           2024-10-01T22:51:02
================================================================================
[2024-10-01T22:51:42.967+0000] {manager.py:887} INFO - 
================================================================================
DAG File Processing Stats

File Path                                PID    Runtime      # DAGs    # Errors  Last Runtime    Last Run
---------------------------------------  -----  ---------  --------  ----------  --------------  -------------------
/opt/airflow/dags/recommendation_dag.py                           1           0  0.09s           2024-10-01T22:51:32
================================================================================
[2024-10-01T22:52:13.275+0000] {manager.py:887} INFO - 
================================================================================
DAG File Processing Stats

File Path                                PID    Runtime      # DAGs    # Errors  Last Runtime    Last Run
---------------------------------------  -----  ---------  --------  ----------  --------------  -------------------
/opt/airflow/dags/recommendation_dag.py                           1           0  0.08s           2024-10-01T22:52:03
================================================================================
[2024-10-01T22:52:38.486+0000] {manager.py:755} INFO - Searching for files in /opt/airflow/dags
[2024-10-01T22:52:38.496+0000] {manager.py:758} INFO - There are 1 files in /opt/airflow/dags
[2024-10-01T22:52:43.548+0000] {manager.py:887} INFO - 
================================================================================
DAG File Processing Stats

File Path                                PID    Runtime      # DAGs    # Errors  Last Runtime    Last Run
---------------------------------------  -----  ---------  --------  ----------  --------------  -------------------
/opt/airflow/dags/recommendation_dag.py                           1           0  0.11s           2024-10-01T22:52:33
================================================================================
[2024-10-01T22:53:13.801+0000] {manager.py:887} INFO - 
================================================================================
DAG File Processing Stats

File Path                                PID    Runtime      # DAGs    # Errors  Last Runtime    Last Run
---------------------------------------  -----  ---------  --------  ----------  --------------  -------------------
/opt/airflow/dags/recommendation_dag.py                           1           0  0.15s           2024-10-01T22:53:03
================================================================================
[2024-10-01T22:53:44.149+0000] {manager.py:887} INFO - 
================================================================================
DAG File Processing Stats

File Path                                PID    Runtime      # DAGs    # Errors  Last Runtime    Last Run
---------------------------------------  -----  ---------  --------  ----------  --------------  -------------------
/opt/airflow/dags/recommendation_dag.py                           1           0  0.14s           2024-10-01T22:53:34
================================================================================
[2024-10-01T22:54:14.478+0000] {manager.py:887} INFO - 
================================================================================
DAG File Processing Stats

File Path                                PID    Runtime      # DAGs    # Errors  Last Runtime    Last Run
---------------------------------------  -----  ---------  --------  ----------  --------------  -------------------
/opt/airflow/dags/recommendation_dag.py                           1           0  0.09s           2024-10-01T22:54:04
================================================================================
[2024-10-01T22:54:44.675+0000] {manager.py:887} INFO - 
================================================================================
DAG File Processing Stats

File Path                                PID    Runtime      # DAGs    # Errors  Last Runtime    Last Run
---------------------------------------  -----  ---------  --------  ----------  --------------  -------------------
/opt/airflow/dags/recommendation_dag.py                           1           0  0.22s           2024-10-01T22:54:34
================================================================================
[2024-10-01T22:55:15.102+0000] {manager.py:887} INFO - 
================================================================================
DAG File Processing Stats

File Path                                PID    Runtime      # DAGs    # Errors  Last Runtime    Last Run
---------------------------------------  -----  ---------  --------  ----------  --------------  -------------------
/opt/airflow/dags/recommendation_dag.py                           1           0  0.16s           2024-10-01T22:55:05
================================================================================
[2024-10-01T22:55:45.497+0000] {manager.py:887} INFO - 
================================================================================
DAG File Processing Stats

File Path                                PID    Runtime      # DAGs    # Errors  Last Runtime    Last Run
---------------------------------------  -----  ---------  --------  ----------  --------------  -------------------
/opt/airflow/dags/recommendation_dag.py                           1           0  0.16s           2024-10-01T22:55:35
================================================================================
[2024-10-01T22:56:15.761+0000] {manager.py:887} INFO - 
================================================================================
DAG File Processing Stats

File Path                                PID    Runtime      # DAGs    # Errors  Last Runtime    Last Run
---------------------------------------  -----  ---------  --------  ----------  --------------  -------------------
/opt/airflow/dags/recommendation_dag.py                           1           0  0.13s           2024-10-01T22:56:05
================================================================================
[2024-10-01T22:56:46.074+0000] {manager.py:887} INFO - 
================================================================================
DAG File Processing Stats

File Path                                PID    Runtime      # DAGs    # Errors  Last Runtime    Last Run
---------------------------------------  -----  ---------  --------  ----------  --------------  -------------------
/opt/airflow/dags/recommendation_dag.py                           1           0  0.07s           2024-10-01T22:56:36
================================================================================
[2024-10-01T22:57:16.425+0000] {manager.py:887} INFO - 
================================================================================
DAG File Processing Stats

File Path                                PID    Runtime      # DAGs    # Errors  Last Runtime    Last Run
---------------------------------------  -----  ---------  --------  ----------  --------------  -------------------
/opt/airflow/dags/recommendation_dag.py                           1           0  0.11s           2024-10-01T22:57:06
================================================================================
[2024-10-01T22:57:38.650+0000] {manager.py:755} INFO - Searching for files in /opt/airflow/dags
[2024-10-01T22:57:38.657+0000] {manager.py:758} INFO - There are 1 files in /opt/airflow/dags
[2024-10-01T22:57:46.739+0000] {manager.py:887} INFO - 
================================================================================
DAG File Processing Stats

File Path                                PID    Runtime      # DAGs    # Errors  Last Runtime    Last Run
---------------------------------------  -----  ---------  --------  ----------  --------------  -------------------
/opt/airflow/dags/recommendation_dag.py                           1           0  0.09s           2024-10-01T22:57:36
================================================================================
[2024-10-01T22:58:16.966+0000] {manager.py:887} INFO - 
================================================================================
DAG File Processing Stats

File Path                                PID    Runtime      # DAGs    # Errors  Last Runtime    Last Run
---------------------------------------  -----  ---------  --------  ----------  --------------  -------------------
/opt/airflow/dags/recommendation_dag.py                           1           0  0.12s           2024-10-01T22:58:07
================================================================================
[2024-10-01T22:58:47.288+0000] {manager.py:887} INFO - 
================================================================================
DAG File Processing Stats

File Path                                PID    Runtime      # DAGs    # Errors  Last Runtime    Last Run
---------------------------------------  -----  ---------  --------  ----------  --------------  -------------------
/opt/airflow/dags/recommendation_dag.py                           1           0  0.07s           2024-10-01T22:58:37
================================================================================
[2024-10-01T22:59:17.551+0000] {manager.py:887} INFO - 
================================================================================
DAG File Processing Stats

File Path                                PID    Runtime      # DAGs    # Errors  Last Runtime    Last Run
---------------------------------------  -----  ---------  --------  ----------  --------------  -------------------
/opt/airflow/dags/recommendation_dag.py                           1           0  0.09s           2024-10-01T22:59:07
================================================================================
[2024-10-01T22:59:47.884+0000] {manager.py:887} INFO - 
================================================================================
DAG File Processing Stats

File Path                                PID    Runtime      # DAGs    # Errors  Last Runtime    Last Run
---------------------------------------  -----  ---------  --------  ----------  --------------  -------------------
/opt/airflow/dags/recommendation_dag.py                           1           0  0.11s           2024-10-01T22:59:37
================================================================================
[2024-10-01T23:00:18.169+0000] {manager.py:887} INFO - 
================================================================================
DAG File Processing Stats

File Path                                PID    Runtime      # DAGs    # Errors  Last Runtime    Last Run
---------------------------------------  -----  ---------  --------  ----------  --------------  -------------------
/opt/airflow/dags/recommendation_dag.py                           1           0  0.12s           2024-10-01T23:00:08
================================================================================
[2024-10-01T23:00:48.456+0000] {manager.py:887} INFO - 
================================================================================
DAG File Processing Stats

File Path                                PID    Runtime      # DAGs    # Errors  Last Runtime    Last Run
---------------------------------------  -----  ---------  --------  ----------  --------------  -------------------
/opt/airflow/dags/recommendation_dag.py                           1           0  0.15s           2024-10-01T23:00:38
================================================================================
[2024-10-01T23:01:18.783+0000] {manager.py:887} INFO - 
================================================================================
DAG File Processing Stats

File Path                                PID    Runtime      # DAGs    # Errors  Last Runtime    Last Run
---------------------------------------  -----  ---------  --------  ----------  --------------  -------------------
/opt/airflow/dags/recommendation_dag.py                           1           0  0.11s           2024-10-01T23:01:08
================================================================================
[2024-10-01T23:01:49.096+0000] {manager.py:887} INFO - 
================================================================================
DAG File Processing Stats

File Path                                PID    Runtime      # DAGs    # Errors  Last Runtime    Last Run
---------------------------------------  -----  ---------  --------  ----------  --------------  -------------------
/opt/airflow/dags/recommendation_dag.py                           1           0  0.21s           2024-10-01T23:01:39
================================================================================
[2024-10-01T23:02:19.413+0000] {manager.py:887} INFO - 
================================================================================
DAG File Processing Stats

File Path                                PID    Runtime      # DAGs    # Errors  Last Runtime    Last Run
---------------------------------------  -----  ---------  --------  ----------  --------------  -------------------
/opt/airflow/dags/recommendation_dag.py                           1           0  0.11s           2024-10-01T23:02:09
================================================================================
[2024-10-01T23:02:39.571+0000] {manager.py:755} INFO - Searching for files in /opt/airflow/dags
[2024-10-01T23:02:39.584+0000] {manager.py:758} INFO - There are 1 files in /opt/airflow/dags
[2024-10-01T23:02:49.723+0000] {manager.py:887} INFO - 
================================================================================
DAG File Processing Stats

File Path                                PID    Runtime      # DAGs    # Errors  Last Runtime    Last Run
---------------------------------------  -----  ---------  --------  ----------  --------------  -------------------
/opt/airflow/dags/recommendation_dag.py                           1           0  0.06s           2024-10-01T23:02:39
================================================================================
[2024-10-01T23:03:20.024+0000] {manager.py:887} INFO - 
================================================================================
DAG File Processing Stats

File Path                                PID    Runtime      # DAGs    # Errors  Last Runtime    Last Run
---------------------------------------  -----  ---------  --------  ----------  --------------  -------------------
/opt/airflow/dags/recommendation_dag.py                           1           0  0.13s           2024-10-01T23:03:10
================================================================================
[2024-10-01T23:03:50.426+0000] {manager.py:887} INFO - 
================================================================================
DAG File Processing Stats

File Path                                PID    Runtime      # DAGs    # Errors  Last Runtime    Last Run
---------------------------------------  -----  ---------  --------  ----------  --------------  -------------------
/opt/airflow/dags/recommendation_dag.py                           1           0  0.13s           2024-10-01T23:03:40
================================================================================
[2024-10-01T23:04:20.667+0000] {manager.py:887} INFO - 
================================================================================
DAG File Processing Stats

File Path                                PID    Runtime      # DAGs    # Errors  Last Runtime    Last Run
---------------------------------------  -----  ---------  --------  ----------  --------------  -------------------
/opt/airflow/dags/recommendation_dag.py                           1           0  0.11s           2024-10-01T23:04:10
================================================================================
[2024-10-01T23:04:50.995+0000] {manager.py:887} INFO - 
================================================================================
DAG File Processing Stats

File Path                                PID    Runtime      # DAGs    # Errors  Last Runtime    Last Run
---------------------------------------  -----  ---------  --------  ----------  --------------  -------------------
/opt/airflow/dags/recommendation_dag.py                           1           0  0.10s           2024-10-01T23:04:40
================================================================================
[2024-10-01T23:05:21.266+0000] {manager.py:887} INFO - 
================================================================================
DAG File Processing Stats

File Path                                PID    Runtime      # DAGs    # Errors  Last Runtime    Last Run
---------------------------------------  -----  ---------  --------  ----------  --------------  -------------------
/opt/airflow/dags/recommendation_dag.py                           1           0  0.08s           2024-10-01T23:05:11
================================================================================
[2024-10-01T23:05:51.572+0000] {manager.py:887} INFO - 
================================================================================
DAG File Processing Stats

File Path                                PID    Runtime      # DAGs    # Errors  Last Runtime    Last Run
---------------------------------------  -----  ---------  --------  ----------  --------------  -------------------
/opt/airflow/dags/recommendation_dag.py                           1           0  0.15s           2024-10-01T23:05:41
================================================================================
[2024-10-01T23:06:21.939+0000] {manager.py:887} INFO - 
================================================================================
DAG File Processing Stats

File Path                                PID    Runtime      # DAGs    # Errors  Last Runtime    Last Run
---------------------------------------  -----  ---------  --------  ----------  --------------  -------------------
/opt/airflow/dags/recommendation_dag.py                           1           0  0.11s           2024-10-01T23:06:11
================================================================================
[2024-10-01T23:06:52.182+0000] {manager.py:887} INFO - 
================================================================================
DAG File Processing Stats

File Path                                PID    Runtime      # DAGs    # Errors  Last Runtime    Last Run
---------------------------------------  -----  ---------  --------  ----------  --------------  -------------------
/opt/airflow/dags/recommendation_dag.py                           1           0  0.13s           2024-10-01T23:06:42
================================================================================
[2024-10-01T23:07:22.705+0000] {manager.py:887} INFO - 
================================================================================
DAG File Processing Stats

File Path                                PID    Runtime      # DAGs    # Errors  Last Runtime    Last Run
---------------------------------------  -----  ---------  --------  ----------  --------------  -------------------
/opt/airflow/dags/recommendation_dag.py                           1           0  0.16s           2024-10-01T23:07:12
================================================================================
[2024-10-01T23:07:39.847+0000] {manager.py:755} INFO - Searching for files in /opt/airflow/dags
[2024-10-01T23:07:39.854+0000] {manager.py:758} INFO - There are 1 files in /opt/airflow/dags
[2024-10-01T23:07:53.007+0000] {manager.py:887} INFO - 
================================================================================
DAG File Processing Stats

File Path                                PID    Runtime      # DAGs    # Errors  Last Runtime    Last Run
---------------------------------------  -----  ---------  --------  ----------  --------------  -------------------
/opt/airflow/dags/recommendation_dag.py                           1           0  0.08s           2024-10-01T23:07:42
================================================================================
[2024-10-01T23:08:23.360+0000] {manager.py:887} INFO - 
================================================================================
DAG File Processing Stats

File Path                                PID    Runtime      # DAGs    # Errors  Last Runtime    Last Run
---------------------------------------  -----  ---------  --------  ----------  --------------  -------------------
/opt/airflow/dags/recommendation_dag.py                           1           0  0.09s           2024-10-01T23:08:13
================================================================================
[2024-10-01T23:08:53.632+0000] {manager.py:887} INFO - 
================================================================================
DAG File Processing Stats

File Path                                PID    Runtime      # DAGs    # Errors  Last Runtime    Last Run
---------------------------------------  -----  ---------  --------  ----------  --------------  -------------------
/opt/airflow/dags/recommendation_dag.py                           1           0  0.11s           2024-10-01T23:08:43
================================================================================
[2024-10-01T23:09:23.944+0000] {manager.py:887} INFO - 
================================================================================
DAG File Processing Stats

File Path                                PID    Runtime      # DAGs    # Errors  Last Runtime    Last Run
---------------------------------------  -----  ---------  --------  ----------  --------------  -------------------
/opt/airflow/dags/recommendation_dag.py                           1           0  0.10s           2024-10-01T23:09:13
================================================================================
[2024-10-01T23:09:54.260+0000] {manager.py:887} INFO - 
================================================================================
DAG File Processing Stats

File Path                                PID    Runtime      # DAGs    # Errors  Last Runtime    Last Run
---------------------------------------  -----  ---------  --------  ----------  --------------  -------------------
/opt/airflow/dags/recommendation_dag.py                           1           0  0.13s           2024-10-01T23:09:44
================================================================================
[2024-10-01T23:10:24.599+0000] {manager.py:887} INFO - 
================================================================================
DAG File Processing Stats

File Path                                PID    Runtime      # DAGs    # Errors  Last Runtime    Last Run
---------------------------------------  -----  ---------  --------  ----------  --------------  -------------------
/opt/airflow/dags/recommendation_dag.py                           1           0  0.12s           2024-10-01T23:10:14
================================================================================
[2024-10-01T23:10:54.890+0000] {manager.py:887} INFO - 
================================================================================
DAG File Processing Stats

File Path                                PID    Runtime      # DAGs    # Errors  Last Runtime    Last Run
---------------------------------------  -----  ---------  --------  ----------  --------------  -------------------
/opt/airflow/dags/recommendation_dag.py                           1           0  0.06s           2024-10-01T23:10:44
================================================================================
[2024-10-01T23:11:25.204+0000] {manager.py:887} INFO - 
================================================================================
DAG File Processing Stats

File Path                                PID    Runtime      # DAGs    # Errors  Last Runtime    Last Run
---------------------------------------  -----  ---------  --------  ----------  --------------  -------------------
/opt/airflow/dags/recommendation_dag.py                           1           0  0.08s           2024-10-01T23:11:15
================================================================================
[2024-10-01T23:11:55.541+0000] {manager.py:887} INFO - 
================================================================================
DAG File Processing Stats

File Path                                PID    Runtime      # DAGs    # Errors  Last Runtime    Last Run
---------------------------------------  -----  ---------  --------  ----------  --------------  -------------------
/opt/airflow/dags/recommendation_dag.py                           1           0  0.30s           2024-10-01T23:11:45
================================================================================
[2024-10-01T23:12:26.015+0000] {manager.py:887} INFO - 
================================================================================
DAG File Processing Stats

File Path                                PID    Runtime      # DAGs    # Errors  Last Runtime    Last Run
---------------------------------------  -----  ---------  --------  ----------  --------------  -------------------
/opt/airflow/dags/recommendation_dag.py                           1           0  0.10s           2024-10-01T23:12:16
================================================================================
[2024-10-01T23:12:40.104+0000] {manager.py:755} INFO - Searching for files in /opt/airflow/dags
[2024-10-01T23:12:40.108+0000] {manager.py:758} INFO - There are 1 files in /opt/airflow/dags
[2024-10-01T23:12:56.324+0000] {manager.py:887} INFO - 
================================================================================
DAG File Processing Stats

File Path                                PID    Runtime      # DAGs    # Errors  Last Runtime    Last Run
---------------------------------------  -----  ---------  --------  ----------  --------------  -------------------
/opt/airflow/dags/recommendation_dag.py                           1           0  0.07s           2024-10-01T23:12:46
================================================================================
[2024-10-01T23:13:26.579+0000] {manager.py:887} INFO - 
================================================================================
DAG File Processing Stats

File Path                                PID    Runtime      # DAGs    # Errors  Last Runtime    Last Run
---------------------------------------  -----  ---------  --------  ----------  --------------  -------------------
/opt/airflow/dags/recommendation_dag.py                           1           0  0.09s           2024-10-01T23:13:16
================================================================================
[2024-10-01T23:13:56.900+0000] {manager.py:887} INFO - 
================================================================================
DAG File Processing Stats

File Path                                PID    Runtime      # DAGs    # Errors  Last Runtime    Last Run
---------------------------------------  -----  ---------  --------  ----------  --------------  -------------------
/opt/airflow/dags/recommendation_dag.py                           1           0  0.06s           2024-10-01T23:13:46
================================================================================
[2024-10-01T23:14:27.163+0000] {manager.py:887} INFO - 
================================================================================
DAG File Processing Stats

File Path                                PID    Runtime      # DAGs    # Errors  Last Runtime    Last Run
---------------------------------------  -----  ---------  --------  ----------  --------------  -------------------
/opt/airflow/dags/recommendation_dag.py                           1           0  0.09s           2024-10-01T23:14:17
================================================================================
[2024-10-01T23:14:57.496+0000] {manager.py:887} INFO - 
================================================================================
DAG File Processing Stats

File Path                                PID    Runtime      # DAGs    # Errors  Last Runtime    Last Run
---------------------------------------  -----  ---------  --------  ----------  --------------  -------------------
/opt/airflow/dags/recommendation_dag.py                           1           0  0.12s           2024-10-01T23:14:47
================================================================================
[2024-10-01T23:15:27.812+0000] {manager.py:887} INFO - 
================================================================================
DAG File Processing Stats

File Path                                PID    Runtime      # DAGs    # Errors  Last Runtime    Last Run
---------------------------------------  -----  ---------  --------  ----------  --------------  -------------------
/opt/airflow/dags/recommendation_dag.py                           1           0  0.08s           2024-10-01T23:15:17
================================================================================
[2024-10-01T23:15:58.063+0000] {manager.py:887} INFO - 
================================================================================
DAG File Processing Stats

File Path                                PID    Runtime      # DAGs    # Errors  Last Runtime    Last Run
---------------------------------------  -----  ---------  --------  ----------  --------------  -------------------
/opt/airflow/dags/recommendation_dag.py                           1           0  0.09s           2024-10-01T23:15:48
================================================================================
[2024-10-01T23:16:28.355+0000] {manager.py:887} INFO - 
================================================================================
DAG File Processing Stats

File Path                                PID    Runtime      # DAGs    # Errors  Last Runtime    Last Run
---------------------------------------  -----  ---------  --------  ----------  --------------  -------------------
/opt/airflow/dags/recommendation_dag.py                           1           0  0.11s           2024-10-01T23:16:18
================================================================================
[2024-10-01T23:16:58.678+0000] {manager.py:887} INFO - 
================================================================================
DAG File Processing Stats

File Path                                PID    Runtime      # DAGs    # Errors  Last Runtime    Last Run
---------------------------------------  -----  ---------  --------  ----------  --------------  -------------------
/opt/airflow/dags/recommendation_dag.py                           1           0  0.14s           2024-10-01T23:16:48
================================================================================
[2024-10-01T23:17:28.975+0000] {manager.py:887} INFO - 
================================================================================
DAG File Processing Stats

File Path                                PID    Runtime      # DAGs    # Errors  Last Runtime    Last Run
---------------------------------------  -----  ---------  --------  ----------  --------------  -------------------
/opt/airflow/dags/recommendation_dag.py                           1           0  0.13s           2024-10-01T23:17:18
================================================================================
[2024-10-01T23:17:41.041+0000] {manager.py:755} INFO - Searching for files in /opt/airflow/dags
[2024-10-01T23:17:41.052+0000] {manager.py:758} INFO - There are 1 files in /opt/airflow/dags
[2024-10-01T23:17:59.307+0000] {manager.py:887} INFO - 
================================================================================
DAG File Processing Stats

File Path                                PID    Runtime      # DAGs    # Errors  Last Runtime    Last Run
---------------------------------------  -----  ---------  --------  ----------  --------------  -------------------
/opt/airflow/dags/recommendation_dag.py                           1           0  0.12s           2024-10-01T23:17:49
================================================================================
[2024-10-01T23:22:43.737+0000] {manager.py:487} INFO - Processing files using up to 2 processes at a time 
[2024-10-01T23:22:43.738+0000] {manager.py:488} INFO - Process each file at most once every 30 seconds
[2024-10-01T23:22:43.738+0000] {manager.py:489} INFO - Checking for new files in /opt/airflow/dags every 300 seconds
[2024-10-01T23:22:43.739+0000] {manager.py:755} INFO - Searching for files in /opt/airflow/dags
[2024-10-01T23:22:43.741+0000] {manager.py:758} INFO - There are 1 files in /opt/airflow/dags
[2024-10-01T23:22:43.781+0000] {manager.py:887} INFO - 
================================================================================
DAG File Processing Stats

File Path                                  PID  Runtime      # DAGs    # Errors  Last Runtime    Last Run
---------------------------------------  -----  ---------  --------  ----------  --------------  ----------
/opt/airflow/dags/recommendation_dag.py     35  0.02s             0           0
================================================================================
[2024-10-01T23:23:14.043+0000] {manager.py:887} INFO - 
================================================================================
DAG File Processing Stats

File Path                                  PID  Runtime      # DAGs    # Errors  Last Runtime    Last Run
---------------------------------------  -----  ---------  --------  ----------  --------------  -------------------
/opt/airflow/dags/recommendation_dag.py     36  0.01s             1           0  0.09s           2024-10-01T23:22:43
================================================================================
[2024-10-01T23:23:44.311+0000] {manager.py:887} INFO - 
================================================================================
DAG File Processing Stats

File Path                                  PID  Runtime      # DAGs    # Errors  Last Runtime    Last Run
---------------------------------------  -----  ---------  --------  ----------  --------------  -------------------
/opt/airflow/dags/recommendation_dag.py     37  0.00s             1           0  0.12s           2024-10-01T23:23:14
================================================================================
[2024-10-01T23:24:14.637+0000] {manager.py:887} INFO - 
================================================================================
DAG File Processing Stats

File Path                                  PID  Runtime      # DAGs    # Errors  Last Runtime    Last Run
---------------------------------------  -----  ---------  --------  ----------  --------------  -------------------
/opt/airflow/dags/recommendation_dag.py     38  0.01s             1           0  0.06s           2024-10-01T23:23:44
================================================================================
[2024-10-01T23:24:44.889+0000] {manager.py:887} INFO - 
================================================================================
DAG File Processing Stats

File Path                                  PID  Runtime      # DAGs    # Errors  Last Runtime    Last Run
---------------------------------------  -----  ---------  --------  ----------  --------------  -------------------
/opt/airflow/dags/recommendation_dag.py     39  0.01s             1           0  0.10s           2024-10-01T23:24:14
================================================================================
[2024-10-01T23:25:15.265+0000] {manager.py:887} INFO - 
================================================================================
DAG File Processing Stats

File Path                                  PID  Runtime      # DAGs    # Errors  Last Runtime    Last Run
---------------------------------------  -----  ---------  --------  ----------  --------------  -------------------
/opt/airflow/dags/recommendation_dag.py     51  0.01s             1           0  0.09s           2024-10-01T23:24:44
================================================================================
[2024-10-01T23:25:45.580+0000] {manager.py:887} INFO - 
================================================================================
DAG File Processing Stats

File Path                                  PID  Runtime      # DAGs    # Errors  Last Runtime    Last Run
---------------------------------------  -----  ---------  --------  ----------  --------------  -------------------
/opt/airflow/dags/recommendation_dag.py     52  0.01s             1           0  0.12s           2024-10-01T23:25:15
================================================================================
[2024-10-01T23:26:15.879+0000] {manager.py:887} INFO - 
================================================================================
DAG File Processing Stats

File Path                                  PID  Runtime      # DAGs    # Errors  Last Runtime    Last Run
---------------------------------------  -----  ---------  --------  ----------  --------------  -------------------
/opt/airflow/dags/recommendation_dag.py     53  0.01s             1           0  0.11s           2024-10-01T23:25:45
================================================================================
[2024-10-01T23:26:37.597+0000] {manager.py:469} INFO - Exiting gracefully upon receiving signal 15
