[2024-10-02T20:03:35.570+0000] {processor.py:157} INFO - Started process (PID=35) to work on /opt/airflow/dags/recommendation_dag.py
[2024-10-02T20:03:35.572+0000] {processor.py:829} INFO - Processing file /opt/airflow/dags/recommendation_dag.py for tasks to queue
[2024-10-02T20:03:35.574+0000] {logging_mixin.py:151} INFO - [2024-10-02T20:03:35.574+0000] {dagbag.py:536} INFO - Filling up the DagBag from /opt/airflow/dags/recommendation_dag.py
[2024-10-02T20:03:35.598+0000] {processor.py:839} INFO - DAG(s) dict_keys(['recommendation_dag']) retrieved from /opt/airflow/dags/recommendation_dag.py
[2024-10-02T20:03:35.619+0000] {logging_mixin.py:151} INFO - [2024-10-02T20:03:35.618+0000] {dag.py:2941} INFO - Sync 1 DAGs
[2024-10-02T20:03:35.638+0000] {logging_mixin.py:151} INFO - [2024-10-02T20:03:35.638+0000] {dag.py:3722} INFO - Setting next_dagrun for recommendation_dag to 2024-01-01T00:00:00+00:00, run_after=2024-01-01T00:02:00+00:00
[2024-10-02T20:03:35.655+0000] {processor.py:179} INFO - Processing /opt/airflow/dags/recommendation_dag.py took 0.088 seconds
[2024-10-02T20:04:05.822+0000] {processor.py:157} INFO - Started process (PID=36) to work on /opt/airflow/dags/recommendation_dag.py
[2024-10-02T20:04:05.824+0000] {processor.py:829} INFO - Processing file /opt/airflow/dags/recommendation_dag.py for tasks to queue
[2024-10-02T20:04:05.844+0000] {logging_mixin.py:151} INFO - [2024-10-02T20:04:05.840+0000] {dagbag.py:536} INFO - Filling up the DagBag from /opt/airflow/dags/recommendation_dag.py
[2024-10-02T20:04:05.935+0000] {processor.py:839} INFO - DAG(s) dict_keys(['recommendation_dag']) retrieved from /opt/airflow/dags/recommendation_dag.py
[2024-10-02T20:04:06.004+0000] {logging_mixin.py:151} INFO - [2024-10-02T20:04:06.003+0000] {dag.py:2941} INFO - Sync 1 DAGs
[2024-10-02T20:04:06.028+0000] {logging_mixin.py:151} INFO - [2024-10-02T20:04:06.028+0000] {dag.py:3722} INFO - Setting next_dagrun for recommendation_dag to 2024-01-01T00:00:00+00:00, run_after=2024-01-01T00:02:00+00:00
[2024-10-02T20:04:06.042+0000] {processor.py:179} INFO - Processing /opt/airflow/dags/recommendation_dag.py took 0.227 seconds
[2024-10-02T20:04:36.148+0000] {processor.py:157} INFO - Started process (PID=37) to work on /opt/airflow/dags/recommendation_dag.py
[2024-10-02T20:04:36.149+0000] {processor.py:829} INFO - Processing file /opt/airflow/dags/recommendation_dag.py for tasks to queue
[2024-10-02T20:04:36.154+0000] {logging_mixin.py:151} INFO - [2024-10-02T20:04:36.153+0000] {dagbag.py:536} INFO - Filling up the DagBag from /opt/airflow/dags/recommendation_dag.py
[2024-10-02T20:04:36.195+0000] {processor.py:839} INFO - DAG(s) dict_keys(['recommendation_dag']) retrieved from /opt/airflow/dags/recommendation_dag.py
[2024-10-02T20:04:36.241+0000] {logging_mixin.py:151} INFO - [2024-10-02T20:04:36.240+0000] {dag.py:2941} INFO - Sync 1 DAGs
[2024-10-02T20:04:36.272+0000] {logging_mixin.py:151} INFO - [2024-10-02T20:04:36.272+0000] {dag.py:3722} INFO - Setting next_dagrun for recommendation_dag to 2024-01-01T00:00:00+00:00, run_after=2024-01-01T00:02:00+00:00
[2024-10-02T20:04:36.291+0000] {processor.py:179} INFO - Processing /opt/airflow/dags/recommendation_dag.py took 0.151 seconds
[2024-10-02T20:05:06.396+0000] {processor.py:157} INFO - Started process (PID=38) to work on /opt/airflow/dags/recommendation_dag.py
[2024-10-02T20:05:06.397+0000] {processor.py:829} INFO - Processing file /opt/airflow/dags/recommendation_dag.py for tasks to queue
[2024-10-02T20:05:06.399+0000] {logging_mixin.py:151} INFO - [2024-10-02T20:05:06.399+0000] {dagbag.py:536} INFO - Filling up the DagBag from /opt/airflow/dags/recommendation_dag.py
[2024-10-02T20:05:06.410+0000] {processor.py:839} INFO - DAG(s) dict_keys(['recommendation_dag']) retrieved from /opt/airflow/dags/recommendation_dag.py
[2024-10-02T20:05:06.429+0000] {logging_mixin.py:151} INFO - [2024-10-02T20:05:06.429+0000] {dag.py:2941} INFO - Sync 1 DAGs
[2024-10-02T20:05:06.454+0000] {logging_mixin.py:151} INFO - [2024-10-02T20:05:06.454+0000] {dag.py:3722} INFO - Setting next_dagrun for recommendation_dag to 2024-01-01T00:00:00+00:00, run_after=2024-01-01T00:02:00+00:00
[2024-10-02T20:05:06.470+0000] {processor.py:179} INFO - Processing /opt/airflow/dags/recommendation_dag.py took 0.076 seconds
[2024-10-02T20:05:36.835+0000] {processor.py:157} INFO - Started process (PID=39) to work on /opt/airflow/dags/recommendation_dag.py
[2024-10-02T20:05:36.836+0000] {processor.py:829} INFO - Processing file /opt/airflow/dags/recommendation_dag.py for tasks to queue
[2024-10-02T20:05:36.841+0000] {logging_mixin.py:151} INFO - [2024-10-02T20:05:36.841+0000] {dagbag.py:536} INFO - Filling up the DagBag from /opt/airflow/dags/recommendation_dag.py
[2024-10-02T20:05:36.889+0000] {processor.py:839} INFO - DAG(s) dict_keys(['recommendation_dag']) retrieved from /opt/airflow/dags/recommendation_dag.py
[2024-10-02T20:05:36.926+0000] {logging_mixin.py:151} INFO - [2024-10-02T20:05:36.926+0000] {dag.py:2941} INFO - Sync 1 DAGs
[2024-10-02T20:05:36.950+0000] {logging_mixin.py:151} INFO - [2024-10-02T20:05:36.950+0000] {dag.py:3722} INFO - Setting next_dagrun for recommendation_dag to 2024-01-01T00:00:00+00:00, run_after=2024-01-01T00:02:00+00:00
[2024-10-02T20:05:36.962+0000] {processor.py:179} INFO - Processing /opt/airflow/dags/recommendation_dag.py took 0.135 seconds
[2024-10-02T20:06:07.287+0000] {processor.py:157} INFO - Started process (PID=40) to work on /opt/airflow/dags/recommendation_dag.py
[2024-10-02T20:06:07.290+0000] {processor.py:829} INFO - Processing file /opt/airflow/dags/recommendation_dag.py for tasks to queue
[2024-10-02T20:06:07.301+0000] {logging_mixin.py:151} INFO - [2024-10-02T20:06:07.300+0000] {dagbag.py:536} INFO - Filling up the DagBag from /opt/airflow/dags/recommendation_dag.py
[2024-10-02T20:06:07.331+0000] {processor.py:839} INFO - DAG(s) dict_keys(['recommendation_dag']) retrieved from /opt/airflow/dags/recommendation_dag.py
[2024-10-02T20:06:07.369+0000] {logging_mixin.py:151} INFO - [2024-10-02T20:06:07.368+0000] {dag.py:2941} INFO - Sync 1 DAGs
[2024-10-02T20:06:07.387+0000] {logging_mixin.py:151} INFO - [2024-10-02T20:06:07.387+0000] {dag.py:3722} INFO - Setting next_dagrun for recommendation_dag to 2024-01-01T00:00:00+00:00, run_after=2024-01-01T00:02:00+00:00
[2024-10-02T20:06:07.398+0000] {processor.py:179} INFO - Processing /opt/airflow/dags/recommendation_dag.py took 0.130 seconds
[2024-10-02T20:06:37.827+0000] {processor.py:157} INFO - Started process (PID=41) to work on /opt/airflow/dags/recommendation_dag.py
[2024-10-02T20:06:37.828+0000] {processor.py:829} INFO - Processing file /opt/airflow/dags/recommendation_dag.py for tasks to queue
[2024-10-02T20:06:37.837+0000] {logging_mixin.py:151} INFO - [2024-10-02T20:06:37.836+0000] {dagbag.py:536} INFO - Filling up the DagBag from /opt/airflow/dags/recommendation_dag.py
[2024-10-02T20:06:37.895+0000] {processor.py:839} INFO - DAG(s) dict_keys(['recommendation_dag']) retrieved from /opt/airflow/dags/recommendation_dag.py
[2024-10-02T20:06:37.929+0000] {logging_mixin.py:151} INFO - [2024-10-02T20:06:37.929+0000] {dag.py:2941} INFO - Sync 1 DAGs
[2024-10-02T20:06:37.951+0000] {logging_mixin.py:151} INFO - [2024-10-02T20:06:37.951+0000] {dag.py:3722} INFO - Setting next_dagrun for recommendation_dag to 2024-01-01T00:00:00+00:00, run_after=2024-01-01T00:02:00+00:00
[2024-10-02T20:06:37.962+0000] {processor.py:179} INFO - Processing /opt/airflow/dags/recommendation_dag.py took 0.148 seconds
[2024-10-02T20:07:08.150+0000] {processor.py:157} INFO - Started process (PID=42) to work on /opt/airflow/dags/recommendation_dag.py
[2024-10-02T20:07:08.150+0000] {processor.py:829} INFO - Processing file /opt/airflow/dags/recommendation_dag.py for tasks to queue
[2024-10-02T20:07:08.152+0000] {logging_mixin.py:151} INFO - [2024-10-02T20:07:08.152+0000] {dagbag.py:536} INFO - Filling up the DagBag from /opt/airflow/dags/recommendation_dag.py
[2024-10-02T20:07:08.168+0000] {processor.py:839} INFO - DAG(s) dict_keys(['recommendation_dag']) retrieved from /opt/airflow/dags/recommendation_dag.py
[2024-10-02T20:07:08.194+0000] {logging_mixin.py:151} INFO - [2024-10-02T20:07:08.194+0000] {dag.py:2941} INFO - Sync 1 DAGs
[2024-10-02T20:07:08.212+0000] {logging_mixin.py:151} INFO - [2024-10-02T20:07:08.212+0000] {dag.py:3722} INFO - Setting next_dagrun for recommendation_dag to 2024-01-01T00:00:00+00:00, run_after=2024-01-01T00:02:00+00:00
[2024-10-02T20:07:08.227+0000] {processor.py:179} INFO - Processing /opt/airflow/dags/recommendation_dag.py took 0.080 seconds
[2024-10-02T20:07:38.530+0000] {processor.py:157} INFO - Started process (PID=43) to work on /opt/airflow/dags/recommendation_dag.py
[2024-10-02T20:07:38.532+0000] {processor.py:829} INFO - Processing file /opt/airflow/dags/recommendation_dag.py for tasks to queue
[2024-10-02T20:07:38.539+0000] {logging_mixin.py:151} INFO - [2024-10-02T20:07:38.538+0000] {dagbag.py:536} INFO - Filling up the DagBag from /opt/airflow/dags/recommendation_dag.py
[2024-10-02T20:07:38.587+0000] {processor.py:839} INFO - DAG(s) dict_keys(['recommendation_dag']) retrieved from /opt/airflow/dags/recommendation_dag.py
[2024-10-02T20:07:38.623+0000] {logging_mixin.py:151} INFO - [2024-10-02T20:07:38.623+0000] {dag.py:2941} INFO - Sync 1 DAGs
[2024-10-02T20:07:38.641+0000] {logging_mixin.py:151} INFO - [2024-10-02T20:07:38.641+0000] {dag.py:3722} INFO - Setting next_dagrun for recommendation_dag to 2024-01-01T00:00:00+00:00, run_after=2024-01-01T00:02:00+00:00
[2024-10-02T20:07:38.654+0000] {processor.py:179} INFO - Processing /opt/airflow/dags/recommendation_dag.py took 0.133 seconds
[2024-10-02T20:08:08.892+0000] {processor.py:157} INFO - Started process (PID=44) to work on /opt/airflow/dags/recommendation_dag.py
[2024-10-02T20:08:08.893+0000] {processor.py:829} INFO - Processing file /opt/airflow/dags/recommendation_dag.py for tasks to queue
[2024-10-02T20:08:08.895+0000] {logging_mixin.py:151} INFO - [2024-10-02T20:08:08.895+0000] {dagbag.py:536} INFO - Filling up the DagBag from /opt/airflow/dags/recommendation_dag.py
[2024-10-02T20:08:08.909+0000] {processor.py:839} INFO - DAG(s) dict_keys(['recommendation_dag']) retrieved from /opt/airflow/dags/recommendation_dag.py
[2024-10-02T20:08:08.928+0000] {logging_mixin.py:151} INFO - [2024-10-02T20:08:08.928+0000] {dag.py:2941} INFO - Sync 1 DAGs
[2024-10-02T20:08:08.943+0000] {logging_mixin.py:151} INFO - [2024-10-02T20:08:08.943+0000] {dag.py:3722} INFO - Setting next_dagrun for recommendation_dag to 2024-01-01T00:00:00+00:00, run_after=2024-01-01T00:02:00+00:00
[2024-10-02T20:08:08.953+0000] {processor.py:179} INFO - Processing /opt/airflow/dags/recommendation_dag.py took 0.064 seconds
[2024-10-02T20:08:39.224+0000] {processor.py:157} INFO - Started process (PID=45) to work on /opt/airflow/dags/recommendation_dag.py
[2024-10-02T20:08:39.225+0000] {processor.py:829} INFO - Processing file /opt/airflow/dags/recommendation_dag.py for tasks to queue
[2024-10-02T20:08:39.230+0000] {logging_mixin.py:151} INFO - [2024-10-02T20:08:39.230+0000] {dagbag.py:536} INFO - Filling up the DagBag from /opt/airflow/dags/recommendation_dag.py
[2024-10-02T20:08:39.263+0000] {processor.py:839} INFO - DAG(s) dict_keys(['recommendation_dag']) retrieved from /opt/airflow/dags/recommendation_dag.py
[2024-10-02T20:08:39.293+0000] {logging_mixin.py:151} INFO - [2024-10-02T20:08:39.293+0000] {dag.py:2941} INFO - Sync 1 DAGs
[2024-10-02T20:08:39.312+0000] {logging_mixin.py:151} INFO - [2024-10-02T20:08:39.311+0000] {dag.py:3722} INFO - Setting next_dagrun for recommendation_dag to 2024-01-01T00:00:00+00:00, run_after=2024-01-01T00:02:00+00:00
[2024-10-02T20:08:39.322+0000] {processor.py:179} INFO - Processing /opt/airflow/dags/recommendation_dag.py took 0.101 seconds
[2024-10-02T20:09:09.553+0000] {processor.py:157} INFO - Started process (PID=46) to work on /opt/airflow/dags/recommendation_dag.py
[2024-10-02T20:09:09.554+0000] {processor.py:829} INFO - Processing file /opt/airflow/dags/recommendation_dag.py for tasks to queue
[2024-10-02T20:09:09.557+0000] {logging_mixin.py:151} INFO - [2024-10-02T20:09:09.557+0000] {dagbag.py:536} INFO - Filling up the DagBag from /opt/airflow/dags/recommendation_dag.py
[2024-10-02T20:09:09.573+0000] {processor.py:839} INFO - DAG(s) dict_keys(['recommendation_dag']) retrieved from /opt/airflow/dags/recommendation_dag.py
[2024-10-02T20:09:09.598+0000] {logging_mixin.py:151} INFO - [2024-10-02T20:09:09.598+0000] {dag.py:2941} INFO - Sync 1 DAGs
[2024-10-02T20:09:09.614+0000] {logging_mixin.py:151} INFO - [2024-10-02T20:09:09.614+0000] {dag.py:3722} INFO - Setting next_dagrun for recommendation_dag to 2024-01-01T00:00:00+00:00, run_after=2024-01-01T00:02:00+00:00
[2024-10-02T20:09:09.624+0000] {processor.py:179} INFO - Processing /opt/airflow/dags/recommendation_dag.py took 0.075 seconds
[2024-10-02T20:09:39.922+0000] {processor.py:157} INFO - Started process (PID=47) to work on /opt/airflow/dags/recommendation_dag.py
[2024-10-02T20:09:39.924+0000] {processor.py:829} INFO - Processing file /opt/airflow/dags/recommendation_dag.py for tasks to queue
[2024-10-02T20:09:39.930+0000] {logging_mixin.py:151} INFO - [2024-10-02T20:09:39.930+0000] {dagbag.py:536} INFO - Filling up the DagBag from /opt/airflow/dags/recommendation_dag.py
[2024-10-02T20:09:39.957+0000] {processor.py:839} INFO - DAG(s) dict_keys(['recommendation_dag']) retrieved from /opt/airflow/dags/recommendation_dag.py
[2024-10-02T20:09:39.991+0000] {logging_mixin.py:151} INFO - [2024-10-02T20:09:39.991+0000] {dag.py:2941} INFO - Sync 1 DAGs
[2024-10-02T20:09:40.021+0000] {logging_mixin.py:151} INFO - [2024-10-02T20:09:40.021+0000] {dag.py:3722} INFO - Setting next_dagrun for recommendation_dag to 2024-01-01T00:00:00+00:00, run_after=2024-01-01T00:02:00+00:00
[2024-10-02T20:09:40.034+0000] {processor.py:179} INFO - Processing /opt/airflow/dags/recommendation_dag.py took 0.118 seconds
[2024-10-02T20:10:10.245+0000] {processor.py:157} INFO - Started process (PID=48) to work on /opt/airflow/dags/recommendation_dag.py
[2024-10-02T20:10:10.246+0000] {processor.py:829} INFO - Processing file /opt/airflow/dags/recommendation_dag.py for tasks to queue
[2024-10-02T20:10:10.248+0000] {logging_mixin.py:151} INFO - [2024-10-02T20:10:10.248+0000] {dagbag.py:536} INFO - Filling up the DagBag from /opt/airflow/dags/recommendation_dag.py
[2024-10-02T20:10:10.261+0000] {processor.py:839} INFO - DAG(s) dict_keys(['recommendation_dag']) retrieved from /opt/airflow/dags/recommendation_dag.py
[2024-10-02T20:10:10.284+0000] {logging_mixin.py:151} INFO - [2024-10-02T20:10:10.284+0000] {dag.py:2941} INFO - Sync 1 DAGs
[2024-10-02T20:10:10.297+0000] {logging_mixin.py:151} INFO - [2024-10-02T20:10:10.297+0000] {dag.py:3722} INFO - Setting next_dagrun for recommendation_dag to 2024-01-01T00:00:00+00:00, run_after=2024-01-01T00:02:00+00:00
[2024-10-02T20:10:10.307+0000] {processor.py:179} INFO - Processing /opt/airflow/dags/recommendation_dag.py took 0.065 seconds
[2024-10-02T20:10:40.696+0000] {processor.py:157} INFO - Started process (PID=49) to work on /opt/airflow/dags/recommendation_dag.py
[2024-10-02T20:10:40.697+0000] {processor.py:829} INFO - Processing file /opt/airflow/dags/recommendation_dag.py for tasks to queue
[2024-10-02T20:10:40.703+0000] {logging_mixin.py:151} INFO - [2024-10-02T20:10:40.702+0000] {dagbag.py:536} INFO - Filling up the DagBag from /opt/airflow/dags/recommendation_dag.py
[2024-10-02T20:10:40.759+0000] {processor.py:839} INFO - DAG(s) dict_keys(['recommendation_dag']) retrieved from /opt/airflow/dags/recommendation_dag.py
[2024-10-02T20:10:40.809+0000] {logging_mixin.py:151} INFO - [2024-10-02T20:10:40.808+0000] {dag.py:2941} INFO - Sync 1 DAGs
[2024-10-02T20:10:40.846+0000] {logging_mixin.py:151} INFO - [2024-10-02T20:10:40.846+0000] {dag.py:3722} INFO - Setting next_dagrun for recommendation_dag to 2024-01-01T00:00:00+00:00, run_after=2024-01-01T00:02:00+00:00
[2024-10-02T20:10:40.866+0000] {processor.py:179} INFO - Processing /opt/airflow/dags/recommendation_dag.py took 0.176 seconds
[2024-10-02T20:11:11.075+0000] {processor.py:157} INFO - Started process (PID=50) to work on /opt/airflow/dags/recommendation_dag.py
[2024-10-02T20:11:11.076+0000] {processor.py:829} INFO - Processing file /opt/airflow/dags/recommendation_dag.py for tasks to queue
[2024-10-02T20:11:11.081+0000] {logging_mixin.py:151} INFO - [2024-10-02T20:11:11.080+0000] {dagbag.py:536} INFO - Filling up the DagBag from /opt/airflow/dags/recommendation_dag.py
[2024-10-02T20:11:11.098+0000] {processor.py:839} INFO - DAG(s) dict_keys(['recommendation_dag']) retrieved from /opt/airflow/dags/recommendation_dag.py
[2024-10-02T20:11:11.136+0000] {logging_mixin.py:151} INFO - [2024-10-02T20:11:11.136+0000] {dag.py:2941} INFO - Sync 1 DAGs
[2024-10-02T20:11:11.166+0000] {logging_mixin.py:151} INFO - [2024-10-02T20:11:11.166+0000] {dag.py:3722} INFO - Setting next_dagrun for recommendation_dag to 2024-01-01T00:00:00+00:00, run_after=2024-01-01T00:02:00+00:00
[2024-10-02T20:11:11.181+0000] {processor.py:179} INFO - Processing /opt/airflow/dags/recommendation_dag.py took 0.113 seconds
[2024-10-02T20:11:41.703+0000] {processor.py:157} INFO - Started process (PID=51) to work on /opt/airflow/dags/recommendation_dag.py
[2024-10-02T20:11:41.705+0000] {processor.py:829} INFO - Processing file /opt/airflow/dags/recommendation_dag.py for tasks to queue
[2024-10-02T20:11:41.712+0000] {logging_mixin.py:151} INFO - [2024-10-02T20:11:41.711+0000] {dagbag.py:536} INFO - Filling up the DagBag from /opt/airflow/dags/recommendation_dag.py
[2024-10-02T20:11:41.740+0000] {processor.py:839} INFO - DAG(s) dict_keys(['recommendation_dag']) retrieved from /opt/airflow/dags/recommendation_dag.py
[2024-10-02T20:11:41.805+0000] {logging_mixin.py:151} INFO - [2024-10-02T20:11:41.805+0000] {dag.py:2941} INFO - Sync 1 DAGs
[2024-10-02T20:11:41.825+0000] {logging_mixin.py:151} INFO - [2024-10-02T20:11:41.825+0000] {dag.py:3722} INFO - Setting next_dagrun for recommendation_dag to 2024-01-01T00:00:00+00:00, run_after=2024-01-01T00:02:00+00:00
[2024-10-02T20:11:41.835+0000] {processor.py:179} INFO - Processing /opt/airflow/dags/recommendation_dag.py took 0.140 seconds
[2024-10-02T20:12:12.026+0000] {processor.py:157} INFO - Started process (PID=52) to work on /opt/airflow/dags/recommendation_dag.py
[2024-10-02T20:12:12.027+0000] {processor.py:829} INFO - Processing file /opt/airflow/dags/recommendation_dag.py for tasks to queue
[2024-10-02T20:12:12.031+0000] {logging_mixin.py:151} INFO - [2024-10-02T20:12:12.030+0000] {dagbag.py:536} INFO - Filling up the DagBag from /opt/airflow/dags/recommendation_dag.py
[2024-10-02T20:12:12.056+0000] {processor.py:839} INFO - DAG(s) dict_keys(['recommendation_dag']) retrieved from /opt/airflow/dags/recommendation_dag.py
[2024-10-02T20:12:12.086+0000] {logging_mixin.py:151} INFO - [2024-10-02T20:12:12.086+0000] {dag.py:2941} INFO - Sync 1 DAGs
[2024-10-02T20:12:12.104+0000] {logging_mixin.py:151} INFO - [2024-10-02T20:12:12.104+0000] {dag.py:3722} INFO - Setting next_dagrun for recommendation_dag to 2024-01-01T00:00:00+00:00, run_after=2024-01-01T00:02:00+00:00
[2024-10-02T20:12:12.124+0000] {processor.py:179} INFO - Processing /opt/airflow/dags/recommendation_dag.py took 0.101 seconds
[2024-10-02T20:12:42.402+0000] {processor.py:157} INFO - Started process (PID=53) to work on /opt/airflow/dags/recommendation_dag.py
[2024-10-02T20:12:42.403+0000] {processor.py:829} INFO - Processing file /opt/airflow/dags/recommendation_dag.py for tasks to queue
[2024-10-02T20:12:42.407+0000] {logging_mixin.py:151} INFO - [2024-10-02T20:12:42.407+0000] {dagbag.py:536} INFO - Filling up the DagBag from /opt/airflow/dags/recommendation_dag.py
[2024-10-02T20:12:42.430+0000] {processor.py:839} INFO - DAG(s) dict_keys(['recommendation_dag']) retrieved from /opt/airflow/dags/recommendation_dag.py
[2024-10-02T20:12:42.485+0000] {logging_mixin.py:151} INFO - [2024-10-02T20:12:42.485+0000] {dag.py:2941} INFO - Sync 1 DAGs
[2024-10-02T20:12:42.511+0000] {logging_mixin.py:151} INFO - [2024-10-02T20:12:42.511+0000] {dag.py:3722} INFO - Setting next_dagrun for recommendation_dag to 2024-01-01T00:00:00+00:00, run_after=2024-01-01T00:02:00+00:00
[2024-10-02T20:12:42.524+0000] {processor.py:179} INFO - Processing /opt/airflow/dags/recommendation_dag.py took 0.128 seconds
[2024-10-02T20:13:12.932+0000] {processor.py:157} INFO - Started process (PID=54) to work on /opt/airflow/dags/recommendation_dag.py
[2024-10-02T20:13:12.933+0000] {processor.py:829} INFO - Processing file /opt/airflow/dags/recommendation_dag.py for tasks to queue
[2024-10-02T20:13:12.936+0000] {logging_mixin.py:151} INFO - [2024-10-02T20:13:12.936+0000] {dagbag.py:536} INFO - Filling up the DagBag from /opt/airflow/dags/recommendation_dag.py
[2024-10-02T20:13:12.974+0000] {processor.py:839} INFO - DAG(s) dict_keys(['recommendation_dag']) retrieved from /opt/airflow/dags/recommendation_dag.py
[2024-10-02T20:13:13.019+0000] {logging_mixin.py:151} INFO - [2024-10-02T20:13:13.019+0000] {dag.py:2941} INFO - Sync 1 DAGs
[2024-10-02T20:13:13.039+0000] {logging_mixin.py:151} INFO - [2024-10-02T20:13:13.039+0000] {dag.py:3722} INFO - Setting next_dagrun for recommendation_dag to 2024-01-01T00:00:00+00:00, run_after=2024-01-01T00:02:00+00:00
[2024-10-02T20:13:13.053+0000] {processor.py:179} INFO - Processing /opt/airflow/dags/recommendation_dag.py took 0.126 seconds
[2024-10-02T20:13:43.301+0000] {processor.py:157} INFO - Started process (PID=55) to work on /opt/airflow/dags/recommendation_dag.py
[2024-10-02T20:13:43.302+0000] {processor.py:829} INFO - Processing file /opt/airflow/dags/recommendation_dag.py for tasks to queue
[2024-10-02T20:13:43.310+0000] {logging_mixin.py:151} INFO - [2024-10-02T20:13:43.309+0000] {dagbag.py:536} INFO - Filling up the DagBag from /opt/airflow/dags/recommendation_dag.py
[2024-10-02T20:13:43.345+0000] {processor.py:839} INFO - DAG(s) dict_keys(['recommendation_dag']) retrieved from /opt/airflow/dags/recommendation_dag.py
[2024-10-02T20:13:43.394+0000] {logging_mixin.py:151} INFO - [2024-10-02T20:13:43.393+0000] {dag.py:2941} INFO - Sync 1 DAGs
[2024-10-02T20:13:43.425+0000] {logging_mixin.py:151} INFO - [2024-10-02T20:13:43.425+0000] {dag.py:3722} INFO - Setting next_dagrun for recommendation_dag to 2024-01-01T00:00:00+00:00, run_after=2024-01-01T00:02:00+00:00
[2024-10-02T20:13:43.445+0000] {processor.py:179} INFO - Processing /opt/airflow/dags/recommendation_dag.py took 0.154 seconds
[2024-10-02T20:14:13.605+0000] {processor.py:157} INFO - Started process (PID=56) to work on /opt/airflow/dags/recommendation_dag.py
[2024-10-02T20:14:13.606+0000] {processor.py:829} INFO - Processing file /opt/airflow/dags/recommendation_dag.py for tasks to queue
[2024-10-02T20:14:13.609+0000] {logging_mixin.py:151} INFO - [2024-10-02T20:14:13.608+0000] {dagbag.py:536} INFO - Filling up the DagBag from /opt/airflow/dags/recommendation_dag.py
[2024-10-02T20:14:13.622+0000] {processor.py:839} INFO - DAG(s) dict_keys(['recommendation_dag']) retrieved from /opt/airflow/dags/recommendation_dag.py
[2024-10-02T20:14:13.641+0000] {logging_mixin.py:151} INFO - [2024-10-02T20:14:13.641+0000] {dag.py:2941} INFO - Sync 1 DAGs
[2024-10-02T20:14:13.666+0000] {processor.py:179} INFO - Processing /opt/airflow/dags/recommendation_dag.py took 0.064 seconds
[2024-10-02T20:14:43.777+0000] {processor.py:157} INFO - Started process (PID=57) to work on /opt/airflow/dags/recommendation_dag.py
[2024-10-02T20:14:43.779+0000] {processor.py:829} INFO - Processing file /opt/airflow/dags/recommendation_dag.py for tasks to queue
[2024-10-02T20:14:43.784+0000] {logging_mixin.py:151} INFO - [2024-10-02T20:14:43.783+0000] {dagbag.py:536} INFO - Filling up the DagBag from /opt/airflow/dags/recommendation_dag.py
[2024-10-02T20:14:43.810+0000] {processor.py:839} INFO - DAG(s) dict_keys(['recommendation_dag']) retrieved from /opt/airflow/dags/recommendation_dag.py
[2024-10-02T20:14:43.845+0000] {logging_mixin.py:151} INFO - [2024-10-02T20:14:43.844+0000] {dag.py:2941} INFO - Sync 1 DAGs
[2024-10-02T20:14:43.877+0000] {processor.py:179} INFO - Processing /opt/airflow/dags/recommendation_dag.py took 0.105 seconds
[2024-10-02T20:15:14.124+0000] {processor.py:157} INFO - Started process (PID=58) to work on /opt/airflow/dags/recommendation_dag.py
[2024-10-02T20:15:14.126+0000] {processor.py:829} INFO - Processing file /opt/airflow/dags/recommendation_dag.py for tasks to queue
[2024-10-02T20:15:14.131+0000] {logging_mixin.py:151} INFO - [2024-10-02T20:15:14.131+0000] {dagbag.py:536} INFO - Filling up the DagBag from /opt/airflow/dags/recommendation_dag.py
[2024-10-02T20:15:14.190+0000] {processor.py:839} INFO - DAG(s) dict_keys(['recommendation_dag']) retrieved from /opt/airflow/dags/recommendation_dag.py
[2024-10-02T20:15:14.224+0000] {logging_mixin.py:151} INFO - [2024-10-02T20:15:14.224+0000] {dag.py:2941} INFO - Sync 1 DAGs
[2024-10-02T20:15:14.264+0000] {processor.py:179} INFO - Processing /opt/airflow/dags/recommendation_dag.py took 0.160 seconds
[2024-10-02T20:15:44.410+0000] {processor.py:157} INFO - Started process (PID=59) to work on /opt/airflow/dags/recommendation_dag.py
[2024-10-02T20:15:44.411+0000] {processor.py:829} INFO - Processing file /opt/airflow/dags/recommendation_dag.py for tasks to queue
[2024-10-02T20:15:44.413+0000] {logging_mixin.py:151} INFO - [2024-10-02T20:15:44.413+0000] {dagbag.py:536} INFO - Filling up the DagBag from /opt/airflow/dags/recommendation_dag.py
[2024-10-02T20:15:44.424+0000] {processor.py:839} INFO - DAG(s) dict_keys(['recommendation_dag']) retrieved from /opt/airflow/dags/recommendation_dag.py
[2024-10-02T20:15:44.446+0000] {logging_mixin.py:151} INFO - [2024-10-02T20:15:44.446+0000] {dag.py:2941} INFO - Sync 1 DAGs
[2024-10-02T20:15:44.474+0000] {processor.py:179} INFO - Processing /opt/airflow/dags/recommendation_dag.py took 0.069 seconds
[2024-10-02T20:16:14.774+0000] {processor.py:157} INFO - Started process (PID=78) to work on /opt/airflow/dags/recommendation_dag.py
[2024-10-02T20:16:14.775+0000] {processor.py:829} INFO - Processing file /opt/airflow/dags/recommendation_dag.py for tasks to queue
[2024-10-02T20:16:14.779+0000] {logging_mixin.py:151} INFO - [2024-10-02T20:16:14.778+0000] {dagbag.py:536} INFO - Filling up the DagBag from /opt/airflow/dags/recommendation_dag.py
[2024-10-02T20:16:14.807+0000] {processor.py:839} INFO - DAG(s) dict_keys(['recommendation_dag']) retrieved from /opt/airflow/dags/recommendation_dag.py
[2024-10-02T20:16:14.829+0000] {logging_mixin.py:151} INFO - [2024-10-02T20:16:14.829+0000] {dag.py:2941} INFO - Sync 1 DAGs
[2024-10-02T20:16:14.847+0000] {logging_mixin.py:151} INFO - [2024-10-02T20:16:14.846+0000] {dag.py:3722} INFO - Setting next_dagrun for recommendation_dag to 2024-01-01T00:32:00+00:00, run_after=2024-01-01T00:34:00+00:00
[2024-10-02T20:16:14.859+0000] {processor.py:179} INFO - Processing /opt/airflow/dags/recommendation_dag.py took 0.088 seconds
[2024-10-02T20:16:45.148+0000] {processor.py:157} INFO - Started process (PID=79) to work on /opt/airflow/dags/recommendation_dag.py
[2024-10-02T20:16:45.150+0000] {processor.py:829} INFO - Processing file /opt/airflow/dags/recommendation_dag.py for tasks to queue
[2024-10-02T20:16:45.159+0000] {logging_mixin.py:151} INFO - [2024-10-02T20:16:45.159+0000] {dagbag.py:536} INFO - Filling up the DagBag from /opt/airflow/dags/recommendation_dag.py
[2024-10-02T20:16:45.186+0000] {processor.py:839} INFO - DAG(s) dict_keys(['recommendation_dag']) retrieved from /opt/airflow/dags/recommendation_dag.py
[2024-10-02T20:16:45.229+0000] {logging_mixin.py:151} INFO - [2024-10-02T20:16:45.229+0000] {dag.py:2941} INFO - Sync 1 DAGs
[2024-10-02T20:16:45.288+0000] {processor.py:179} INFO - Processing /opt/airflow/dags/recommendation_dag.py took 0.144 seconds
[2024-10-02T20:17:15.474+0000] {processor.py:157} INFO - Started process (PID=80) to work on /opt/airflow/dags/recommendation_dag.py
[2024-10-02T20:17:15.475+0000] {processor.py:829} INFO - Processing file /opt/airflow/dags/recommendation_dag.py for tasks to queue
[2024-10-02T20:17:15.478+0000] {logging_mixin.py:151} INFO - [2024-10-02T20:17:15.478+0000] {dagbag.py:536} INFO - Filling up the DagBag from /opt/airflow/dags/recommendation_dag.py
[2024-10-02T20:17:15.496+0000] {processor.py:839} INFO - DAG(s) dict_keys(['recommendation_dag']) retrieved from /opt/airflow/dags/recommendation_dag.py
[2024-10-02T20:17:15.517+0000] {logging_mixin.py:151} INFO - [2024-10-02T20:17:15.516+0000] {dag.py:2941} INFO - Sync 1 DAGs
[2024-10-02T20:17:15.546+0000] {processor.py:179} INFO - Processing /opt/airflow/dags/recommendation_dag.py took 0.077 seconds
[2024-10-02T20:17:45.959+0000] {processor.py:157} INFO - Started process (PID=81) to work on /opt/airflow/dags/recommendation_dag.py
[2024-10-02T20:17:45.960+0000] {processor.py:829} INFO - Processing file /opt/airflow/dags/recommendation_dag.py for tasks to queue
[2024-10-02T20:17:45.966+0000] {logging_mixin.py:151} INFO - [2024-10-02T20:17:45.965+0000] {dagbag.py:536} INFO - Filling up the DagBag from /opt/airflow/dags/recommendation_dag.py
[2024-10-02T20:17:46.022+0000] {processor.py:839} INFO - DAG(s) dict_keys(['recommendation_dag']) retrieved from /opt/airflow/dags/recommendation_dag.py
[2024-10-02T20:17:46.074+0000] {logging_mixin.py:151} INFO - [2024-10-02T20:17:46.074+0000] {dag.py:2941} INFO - Sync 1 DAGs
[2024-10-02T20:17:46.111+0000] {processor.py:179} INFO - Processing /opt/airflow/dags/recommendation_dag.py took 0.158 seconds
[2024-10-02T20:18:16.198+0000] {processor.py:157} INFO - Started process (PID=82) to work on /opt/airflow/dags/recommendation_dag.py
[2024-10-02T20:18:16.199+0000] {processor.py:829} INFO - Processing file /opt/airflow/dags/recommendation_dag.py for tasks to queue
[2024-10-02T20:18:16.202+0000] {logging_mixin.py:151} INFO - [2024-10-02T20:18:16.201+0000] {dagbag.py:536} INFO - Filling up the DagBag from /opt/airflow/dags/recommendation_dag.py
[2024-10-02T20:18:16.216+0000] {processor.py:839} INFO - DAG(s) dict_keys(['recommendation_dag']) retrieved from /opt/airflow/dags/recommendation_dag.py
[2024-10-02T20:18:16.238+0000] {logging_mixin.py:151} INFO - [2024-10-02T20:18:16.237+0000] {dag.py:2941} INFO - Sync 1 DAGs
[2024-10-02T20:18:16.263+0000] {processor.py:179} INFO - Processing /opt/airflow/dags/recommendation_dag.py took 0.069 seconds
[2024-10-02T20:18:46.565+0000] {processor.py:157} INFO - Started process (PID=109) to work on /opt/airflow/dags/recommendation_dag.py
[2024-10-02T20:18:46.566+0000] {processor.py:829} INFO - Processing file /opt/airflow/dags/recommendation_dag.py for tasks to queue
[2024-10-02T20:18:46.570+0000] {logging_mixin.py:151} INFO - [2024-10-02T20:18:46.570+0000] {dagbag.py:536} INFO - Filling up the DagBag from /opt/airflow/dags/recommendation_dag.py
[2024-10-02T20:18:46.603+0000] {processor.py:839} INFO - DAG(s) dict_keys(['recommendation_dag']) retrieved from /opt/airflow/dags/recommendation_dag.py
[2024-10-02T20:18:46.630+0000] {logging_mixin.py:151} INFO - [2024-10-02T20:18:46.630+0000] {dag.py:2941} INFO - Sync 1 DAGs
[2024-10-02T20:18:46.665+0000] {processor.py:179} INFO - Processing /opt/airflow/dags/recommendation_dag.py took 0.104 seconds
[2024-10-02T20:19:16.899+0000] {processor.py:157} INFO - Started process (PID=110) to work on /opt/airflow/dags/recommendation_dag.py
[2024-10-02T20:19:16.901+0000] {processor.py:829} INFO - Processing file /opt/airflow/dags/recommendation_dag.py for tasks to queue
[2024-10-02T20:19:16.903+0000] {logging_mixin.py:151} INFO - [2024-10-02T20:19:16.903+0000] {dagbag.py:536} INFO - Filling up the DagBag from /opt/airflow/dags/recommendation_dag.py
[2024-10-02T20:19:16.924+0000] {processor.py:839} INFO - DAG(s) dict_keys(['recommendation_dag']) retrieved from /opt/airflow/dags/recommendation_dag.py
[2024-10-02T20:19:16.970+0000] {logging_mixin.py:151} INFO - [2024-10-02T20:19:16.970+0000] {dag.py:2941} INFO - Sync 1 DAGs
[2024-10-02T20:19:17.004+0000] {processor.py:179} INFO - Processing /opt/airflow/dags/recommendation_dag.py took 0.112 seconds
[2024-10-02T20:19:47.268+0000] {processor.py:157} INFO - Started process (PID=111) to work on /opt/airflow/dags/recommendation_dag.py
[2024-10-02T20:19:47.269+0000] {processor.py:829} INFO - Processing file /opt/airflow/dags/recommendation_dag.py for tasks to queue
[2024-10-02T20:19:47.275+0000] {logging_mixin.py:151} INFO - [2024-10-02T20:19:47.274+0000] {dagbag.py:536} INFO - Filling up the DagBag from /opt/airflow/dags/recommendation_dag.py
[2024-10-02T20:19:47.301+0000] {processor.py:839} INFO - DAG(s) dict_keys(['recommendation_dag']) retrieved from /opt/airflow/dags/recommendation_dag.py
[2024-10-02T20:19:47.357+0000] {logging_mixin.py:151} INFO - [2024-10-02T20:19:47.357+0000] {dag.py:2941} INFO - Sync 1 DAGs
[2024-10-02T20:19:47.400+0000] {processor.py:179} INFO - Processing /opt/airflow/dags/recommendation_dag.py took 0.142 seconds
[2024-10-02T20:20:17.517+0000] {processor.py:157} INFO - Started process (PID=112) to work on /opt/airflow/dags/recommendation_dag.py
[2024-10-02T20:20:17.518+0000] {processor.py:829} INFO - Processing file /opt/airflow/dags/recommendation_dag.py for tasks to queue
[2024-10-02T20:20:17.519+0000] {logging_mixin.py:151} INFO - [2024-10-02T20:20:17.519+0000] {dagbag.py:536} INFO - Filling up the DagBag from /opt/airflow/dags/recommendation_dag.py
[2024-10-02T20:20:17.538+0000] {processor.py:839} INFO - DAG(s) dict_keys(['recommendation_dag']) retrieved from /opt/airflow/dags/recommendation_dag.py
[2024-10-02T20:20:17.561+0000] {logging_mixin.py:151} INFO - [2024-10-02T20:20:17.560+0000] {dag.py:2941} INFO - Sync 1 DAGs
[2024-10-02T20:20:17.589+0000] {processor.py:179} INFO - Processing /opt/airflow/dags/recommendation_dag.py took 0.074 seconds
[2024-10-02T20:20:47.814+0000] {processor.py:157} INFO - Started process (PID=141) to work on /opt/airflow/dags/recommendation_dag.py
[2024-10-02T20:20:47.815+0000] {processor.py:829} INFO - Processing file /opt/airflow/dags/recommendation_dag.py for tasks to queue
[2024-10-02T20:20:47.818+0000] {logging_mixin.py:151} INFO - [2024-10-02T20:20:47.818+0000] {dagbag.py:536} INFO - Filling up the DagBag from /opt/airflow/dags/recommendation_dag.py
[2024-10-02T20:20:47.838+0000] {processor.py:839} INFO - DAG(s) dict_keys(['recommendation_dag']) retrieved from /opt/airflow/dags/recommendation_dag.py
[2024-10-02T20:20:47.859+0000] {logging_mixin.py:151} INFO - [2024-10-02T20:20:47.859+0000] {dag.py:2941} INFO - Sync 1 DAGs
[2024-10-02T20:20:47.884+0000] {processor.py:179} INFO - Processing /opt/airflow/dags/recommendation_dag.py took 0.075 seconds
[2024-10-02T20:21:18.102+0000] {processor.py:157} INFO - Started process (PID=142) to work on /opt/airflow/dags/recommendation_dag.py
[2024-10-02T20:21:18.103+0000] {processor.py:829} INFO - Processing file /opt/airflow/dags/recommendation_dag.py for tasks to queue
[2024-10-02T20:21:18.112+0000] {logging_mixin.py:151} INFO - [2024-10-02T20:21:18.111+0000] {dagbag.py:536} INFO - Filling up the DagBag from /opt/airflow/dags/recommendation_dag.py
[2024-10-02T20:21:18.158+0000] {processor.py:839} INFO - DAG(s) dict_keys(['recommendation_dag']) retrieved from /opt/airflow/dags/recommendation_dag.py
[2024-10-02T20:21:18.201+0000] {logging_mixin.py:151} INFO - [2024-10-02T20:21:18.200+0000] {dag.py:2941} INFO - Sync 1 DAGs
[2024-10-02T20:21:18.249+0000] {processor.py:179} INFO - Processing /opt/airflow/dags/recommendation_dag.py took 0.156 seconds
[2024-10-02T20:21:48.582+0000] {processor.py:157} INFO - Started process (PID=143) to work on /opt/airflow/dags/recommendation_dag.py
[2024-10-02T20:21:48.584+0000] {processor.py:829} INFO - Processing file /opt/airflow/dags/recommendation_dag.py for tasks to queue
[2024-10-02T20:21:48.594+0000] {logging_mixin.py:151} INFO - [2024-10-02T20:21:48.593+0000] {dagbag.py:536} INFO - Filling up the DagBag from /opt/airflow/dags/recommendation_dag.py
[2024-10-02T20:21:48.629+0000] {processor.py:839} INFO - DAG(s) dict_keys(['recommendation_dag']) retrieved from /opt/airflow/dags/recommendation_dag.py
[2024-10-02T20:21:48.668+0000] {logging_mixin.py:151} INFO - [2024-10-02T20:21:48.668+0000] {dag.py:2941} INFO - Sync 1 DAGs
[2024-10-02T20:21:48.700+0000] {processor.py:179} INFO - Processing /opt/airflow/dags/recommendation_dag.py took 0.130 seconds
[2024-10-02T20:22:18.870+0000] {processor.py:157} INFO - Started process (PID=144) to work on /opt/airflow/dags/recommendation_dag.py
[2024-10-02T20:22:18.870+0000] {processor.py:829} INFO - Processing file /opt/airflow/dags/recommendation_dag.py for tasks to queue
[2024-10-02T20:22:18.872+0000] {logging_mixin.py:151} INFO - [2024-10-02T20:22:18.872+0000] {dagbag.py:536} INFO - Filling up the DagBag from /opt/airflow/dags/recommendation_dag.py
[2024-10-02T20:22:18.885+0000] {processor.py:839} INFO - DAG(s) dict_keys(['recommendation_dag']) retrieved from /opt/airflow/dags/recommendation_dag.py
[2024-10-02T20:22:18.905+0000] {logging_mixin.py:151} INFO - [2024-10-02T20:22:18.905+0000] {dag.py:2941} INFO - Sync 1 DAGs
[2024-10-02T20:22:18.931+0000] {processor.py:179} INFO - Processing /opt/airflow/dags/recommendation_dag.py took 0.064 seconds
[2024-10-02T20:22:49.319+0000] {processor.py:157} INFO - Started process (PID=171) to work on /opt/airflow/dags/recommendation_dag.py
[2024-10-02T20:22:49.320+0000] {processor.py:829} INFO - Processing file /opt/airflow/dags/recommendation_dag.py for tasks to queue
[2024-10-02T20:22:49.325+0000] {logging_mixin.py:151} INFO - [2024-10-02T20:22:49.324+0000] {dagbag.py:536} INFO - Filling up the DagBag from /opt/airflow/dags/recommendation_dag.py
[2024-10-02T20:22:49.347+0000] {processor.py:839} INFO - DAG(s) dict_keys(['recommendation_dag']) retrieved from /opt/airflow/dags/recommendation_dag.py
[2024-10-02T20:22:49.376+0000] {logging_mixin.py:151} INFO - [2024-10-02T20:22:49.376+0000] {dag.py:2941} INFO - Sync 1 DAGs
[2024-10-02T20:22:49.411+0000] {processor.py:179} INFO - Processing /opt/airflow/dags/recommendation_dag.py took 0.097 seconds
[2024-10-02T20:23:19.617+0000] {processor.py:157} INFO - Started process (PID=172) to work on /opt/airflow/dags/recommendation_dag.py
[2024-10-02T20:23:19.617+0000] {processor.py:829} INFO - Processing file /opt/airflow/dags/recommendation_dag.py for tasks to queue
[2024-10-02T20:23:19.621+0000] {logging_mixin.py:151} INFO - [2024-10-02T20:23:19.621+0000] {dagbag.py:536} INFO - Filling up the DagBag from /opt/airflow/dags/recommendation_dag.py
[2024-10-02T20:23:19.646+0000] {processor.py:839} INFO - DAG(s) dict_keys(['recommendation_dag']) retrieved from /opt/airflow/dags/recommendation_dag.py
[2024-10-02T20:23:19.670+0000] {logging_mixin.py:151} INFO - [2024-10-02T20:23:19.669+0000] {dag.py:2941} INFO - Sync 1 DAGs
[2024-10-02T20:23:19.698+0000] {processor.py:179} INFO - Processing /opt/airflow/dags/recommendation_dag.py took 0.086 seconds
[2024-10-02T20:23:49.977+0000] {processor.py:157} INFO - Started process (PID=173) to work on /opt/airflow/dags/recommendation_dag.py
[2024-10-02T20:23:49.978+0000] {processor.py:829} INFO - Processing file /opt/airflow/dags/recommendation_dag.py for tasks to queue
[2024-10-02T20:23:49.983+0000] {logging_mixin.py:151} INFO - [2024-10-02T20:23:49.983+0000] {dagbag.py:536} INFO - Filling up the DagBag from /opt/airflow/dags/recommendation_dag.py
[2024-10-02T20:23:50.006+0000] {processor.py:839} INFO - DAG(s) dict_keys(['recommendation_dag']) retrieved from /opt/airflow/dags/recommendation_dag.py
[2024-10-02T20:23:50.033+0000] {logging_mixin.py:151} INFO - [2024-10-02T20:23:50.033+0000] {dag.py:2941} INFO - Sync 1 DAGs
[2024-10-02T20:23:50.094+0000] {processor.py:179} INFO - Processing /opt/airflow/dags/recommendation_dag.py took 0.124 seconds
[2024-10-02T20:24:20.503+0000] {processor.py:157} INFO - Started process (PID=174) to work on /opt/airflow/dags/recommendation_dag.py
[2024-10-02T20:24:20.506+0000] {processor.py:829} INFO - Processing file /opt/airflow/dags/recommendation_dag.py for tasks to queue
[2024-10-02T20:24:20.512+0000] {logging_mixin.py:151} INFO - [2024-10-02T20:24:20.511+0000] {dagbag.py:536} INFO - Filling up the DagBag from /opt/airflow/dags/recommendation_dag.py
[2024-10-02T20:24:20.551+0000] {processor.py:839} INFO - DAG(s) dict_keys(['recommendation_dag']) retrieved from /opt/airflow/dags/recommendation_dag.py
[2024-10-02T20:24:20.588+0000] {logging_mixin.py:151} INFO - [2024-10-02T20:24:20.588+0000] {dag.py:2941} INFO - Sync 1 DAGs
[2024-10-02T20:24:20.680+0000] {processor.py:179} INFO - Processing /opt/airflow/dags/recommendation_dag.py took 0.187 seconds
[2024-10-02T20:24:50.836+0000] {processor.py:157} INFO - Started process (PID=199) to work on /opt/airflow/dags/recommendation_dag.py
[2024-10-02T20:24:50.838+0000] {processor.py:829} INFO - Processing file /opt/airflow/dags/recommendation_dag.py for tasks to queue
[2024-10-02T20:24:50.843+0000] {logging_mixin.py:151} INFO - [2024-10-02T20:24:50.842+0000] {dagbag.py:536} INFO - Filling up the DagBag from /opt/airflow/dags/recommendation_dag.py
[2024-10-02T20:24:50.869+0000] {processor.py:839} INFO - DAG(s) dict_keys(['recommendation_dag']) retrieved from /opt/airflow/dags/recommendation_dag.py
[2024-10-02T20:24:50.909+0000] {logging_mixin.py:151} INFO - [2024-10-02T20:24:50.908+0000] {dag.py:2941} INFO - Sync 1 DAGs
[2024-10-02T20:24:50.941+0000] {processor.py:179} INFO - Processing /opt/airflow/dags/recommendation_dag.py took 0.112 seconds
[2024-10-02T20:25:21.174+0000] {processor.py:157} INFO - Started process (PID=200) to work on /opt/airflow/dags/recommendation_dag.py
[2024-10-02T20:25:21.175+0000] {processor.py:829} INFO - Processing file /opt/airflow/dags/recommendation_dag.py for tasks to queue
[2024-10-02T20:25:21.177+0000] {logging_mixin.py:151} INFO - [2024-10-02T20:25:21.177+0000] {dagbag.py:536} INFO - Filling up the DagBag from /opt/airflow/dags/recommendation_dag.py
[2024-10-02T20:25:21.195+0000] {processor.py:839} INFO - DAG(s) dict_keys(['recommendation_dag']) retrieved from /opt/airflow/dags/recommendation_dag.py
[2024-10-02T20:25:21.223+0000] {logging_mixin.py:151} INFO - [2024-10-02T20:25:21.223+0000] {dag.py:2941} INFO - Sync 1 DAGs
[2024-10-02T20:25:21.262+0000] {processor.py:179} INFO - Processing /opt/airflow/dags/recommendation_dag.py took 0.103 seconds
[2024-10-02T20:25:51.462+0000] {processor.py:157} INFO - Started process (PID=201) to work on /opt/airflow/dags/recommendation_dag.py
[2024-10-02T20:25:51.463+0000] {processor.py:829} INFO - Processing file /opt/airflow/dags/recommendation_dag.py for tasks to queue
[2024-10-02T20:25:51.466+0000] {logging_mixin.py:151} INFO - [2024-10-02T20:25:51.466+0000] {dagbag.py:536} INFO - Filling up the DagBag from /opt/airflow/dags/recommendation_dag.py
[2024-10-02T20:25:51.484+0000] {processor.py:839} INFO - DAG(s) dict_keys(['recommendation_dag']) retrieved from /opt/airflow/dags/recommendation_dag.py
[2024-10-02T20:25:51.510+0000] {logging_mixin.py:151} INFO - [2024-10-02T20:25:51.510+0000] {dag.py:2941} INFO - Sync 1 DAGs
[2024-10-02T20:25:51.544+0000] {processor.py:179} INFO - Processing /opt/airflow/dags/recommendation_dag.py took 0.086 seconds
[2024-10-02T20:26:21.894+0000] {processor.py:157} INFO - Started process (PID=202) to work on /opt/airflow/dags/recommendation_dag.py
[2024-10-02T20:26:21.894+0000] {processor.py:829} INFO - Processing file /opt/airflow/dags/recommendation_dag.py for tasks to queue
[2024-10-02T20:26:21.896+0000] {logging_mixin.py:151} INFO - [2024-10-02T20:26:21.896+0000] {dagbag.py:536} INFO - Filling up the DagBag from /opt/airflow/dags/recommendation_dag.py
[2024-10-02T20:26:21.908+0000] {processor.py:839} INFO - DAG(s) dict_keys(['recommendation_dag']) retrieved from /opt/airflow/dags/recommendation_dag.py
[2024-10-02T20:26:21.929+0000] {logging_mixin.py:151} INFO - [2024-10-02T20:26:21.929+0000] {dag.py:2941} INFO - Sync 1 DAGs
[2024-10-02T20:26:21.962+0000] {processor.py:179} INFO - Processing /opt/airflow/dags/recommendation_dag.py took 0.072 seconds
[2024-10-02T20:26:52.216+0000] {processor.py:157} INFO - Started process (PID=229) to work on /opt/airflow/dags/recommendation_dag.py
[2024-10-02T20:26:52.217+0000] {processor.py:829} INFO - Processing file /opt/airflow/dags/recommendation_dag.py for tasks to queue
[2024-10-02T20:26:52.221+0000] {logging_mixin.py:151} INFO - [2024-10-02T20:26:52.220+0000] {dagbag.py:536} INFO - Filling up the DagBag from /opt/airflow/dags/recommendation_dag.py
[2024-10-02T20:26:52.242+0000] {processor.py:839} INFO - DAG(s) dict_keys(['recommendation_dag']) retrieved from /opt/airflow/dags/recommendation_dag.py
[2024-10-02T20:26:52.270+0000] {logging_mixin.py:151} INFO - [2024-10-02T20:26:52.270+0000] {dag.py:2941} INFO - Sync 1 DAGs
[2024-10-02T20:26:52.289+0000] {logging_mixin.py:151} INFO - [2024-10-02T20:26:52.289+0000] {dag.py:3722} INFO - Setting next_dagrun for recommendation_dag to 2024-01-01T03:12:00+00:00, run_after=2024-01-01T03:14:00+00:00
[2024-10-02T20:26:52.305+0000] {processor.py:179} INFO - Processing /opt/airflow/dags/recommendation_dag.py took 0.093 seconds
[2024-10-02T20:27:22.527+0000] {processor.py:157} INFO - Started process (PID=230) to work on /opt/airflow/dags/recommendation_dag.py
[2024-10-02T20:27:22.530+0000] {processor.py:829} INFO - Processing file /opt/airflow/dags/recommendation_dag.py for tasks to queue
[2024-10-02T20:27:22.535+0000] {logging_mixin.py:151} INFO - [2024-10-02T20:27:22.535+0000] {dagbag.py:536} INFO - Filling up the DagBag from /opt/airflow/dags/recommendation_dag.py
[2024-10-02T20:27:22.553+0000] {processor.py:839} INFO - DAG(s) dict_keys(['recommendation_dag']) retrieved from /opt/airflow/dags/recommendation_dag.py
[2024-10-02T20:27:22.588+0000] {logging_mixin.py:151} INFO - [2024-10-02T20:27:22.588+0000] {dag.py:2941} INFO - Sync 1 DAGs
[2024-10-02T20:27:22.617+0000] {processor.py:179} INFO - Processing /opt/airflow/dags/recommendation_dag.py took 0.096 seconds
[2024-10-02T20:27:52.776+0000] {processor.py:157} INFO - Started process (PID=231) to work on /opt/airflow/dags/recommendation_dag.py
[2024-10-02T20:27:52.777+0000] {processor.py:829} INFO - Processing file /opt/airflow/dags/recommendation_dag.py for tasks to queue
[2024-10-02T20:27:52.781+0000] {logging_mixin.py:151} INFO - [2024-10-02T20:27:52.781+0000] {dagbag.py:536} INFO - Filling up the DagBag from /opt/airflow/dags/recommendation_dag.py
[2024-10-02T20:27:52.810+0000] {processor.py:839} INFO - DAG(s) dict_keys(['recommendation_dag']) retrieved from /opt/airflow/dags/recommendation_dag.py
[2024-10-02T20:27:52.835+0000] {logging_mixin.py:151} INFO - [2024-10-02T20:27:52.834+0000] {dag.py:2941} INFO - Sync 1 DAGs
[2024-10-02T20:27:52.861+0000] {processor.py:179} INFO - Processing /opt/airflow/dags/recommendation_dag.py took 0.089 seconds
[2024-10-02T20:28:23.246+0000] {processor.py:157} INFO - Started process (PID=232) to work on /opt/airflow/dags/recommendation_dag.py
[2024-10-02T20:28:23.247+0000] {processor.py:829} INFO - Processing file /opt/airflow/dags/recommendation_dag.py for tasks to queue
[2024-10-02T20:28:23.251+0000] {logging_mixin.py:151} INFO - [2024-10-02T20:28:23.250+0000] {dagbag.py:536} INFO - Filling up the DagBag from /opt/airflow/dags/recommendation_dag.py
[2024-10-02T20:28:23.282+0000] {processor.py:839} INFO - DAG(s) dict_keys(['recommendation_dag']) retrieved from /opt/airflow/dags/recommendation_dag.py
[2024-10-02T20:28:23.316+0000] {logging_mixin.py:151} INFO - [2024-10-02T20:28:23.316+0000] {dag.py:2941} INFO - Sync 1 DAGs
[2024-10-02T20:28:23.391+0000] {processor.py:179} INFO - Processing /opt/airflow/dags/recommendation_dag.py took 0.152 seconds
[2024-10-02T20:29:42.532+0000] {processor.py:157} INFO - Started process (PID=34) to work on /opt/airflow/dags/recommendation_dag.py
[2024-10-02T20:29:42.534+0000] {processor.py:829} INFO - Processing file /opt/airflow/dags/recommendation_dag.py for tasks to queue
[2024-10-02T20:29:42.536+0000] {logging_mixin.py:151} INFO - [2024-10-02T20:29:42.536+0000] {dagbag.py:536} INFO - Filling up the DagBag from /opt/airflow/dags/recommendation_dag.py
[2024-10-02T20:29:42.555+0000] {processor.py:839} INFO - DAG(s) dict_keys(['recommendation_dag']) retrieved from /opt/airflow/dags/recommendation_dag.py
[2024-10-02T20:29:42.574+0000] {logging_mixin.py:151} INFO - [2024-10-02T20:29:42.574+0000] {dag.py:2941} INFO - Sync 1 DAGs
[2024-10-02T20:29:42.668+0000] {processor.py:179} INFO - Processing /opt/airflow/dags/recommendation_dag.py took 0.138 seconds
[2024-10-02T20:30:12.874+0000] {processor.py:157} INFO - Started process (PID=46) to work on /opt/airflow/dags/recommendation_dag.py
[2024-10-02T20:30:12.875+0000] {processor.py:829} INFO - Processing file /opt/airflow/dags/recommendation_dag.py for tasks to queue
[2024-10-02T20:30:12.878+0000] {logging_mixin.py:151} INFO - [2024-10-02T20:30:12.877+0000] {dagbag.py:536} INFO - Filling up the DagBag from /opt/airflow/dags/recommendation_dag.py
[2024-10-02T20:30:12.893+0000] {processor.py:839} INFO - DAG(s) dict_keys(['recommendation_dag']) retrieved from /opt/airflow/dags/recommendation_dag.py
[2024-10-02T20:30:12.930+0000] {logging_mixin.py:151} INFO - [2024-10-02T20:30:12.929+0000] {dag.py:2941} INFO - Sync 1 DAGs
[2024-10-02T20:30:12.959+0000] {processor.py:179} INFO - Processing /opt/airflow/dags/recommendation_dag.py took 0.089 seconds
[2024-10-02T20:30:43.293+0000] {processor.py:157} INFO - Started process (PID=47) to work on /opt/airflow/dags/recommendation_dag.py
[2024-10-02T20:30:43.294+0000] {processor.py:829} INFO - Processing file /opt/airflow/dags/recommendation_dag.py for tasks to queue
[2024-10-02T20:30:43.299+0000] {logging_mixin.py:151} INFO - [2024-10-02T20:30:43.298+0000] {dagbag.py:536} INFO - Filling up the DagBag from /opt/airflow/dags/recommendation_dag.py
[2024-10-02T20:30:43.329+0000] {processor.py:839} INFO - DAG(s) dict_keys(['recommendation_dag']) retrieved from /opt/airflow/dags/recommendation_dag.py
[2024-10-02T20:30:43.362+0000] {logging_mixin.py:151} INFO - [2024-10-02T20:30:43.362+0000] {dag.py:2941} INFO - Sync 1 DAGs
[2024-10-02T20:30:43.398+0000] {processor.py:179} INFO - Processing /opt/airflow/dags/recommendation_dag.py took 0.111 seconds
[2024-10-02T20:31:13.593+0000] {processor.py:157} INFO - Started process (PID=48) to work on /opt/airflow/dags/recommendation_dag.py
[2024-10-02T20:31:13.594+0000] {processor.py:829} INFO - Processing file /opt/airflow/dags/recommendation_dag.py for tasks to queue
[2024-10-02T20:31:13.597+0000] {logging_mixin.py:151} INFO - [2024-10-02T20:31:13.596+0000] {dagbag.py:536} INFO - Filling up the DagBag from /opt/airflow/dags/recommendation_dag.py
[2024-10-02T20:31:13.612+0000] {processor.py:839} INFO - DAG(s) dict_keys(['recommendation_dag']) retrieved from /opt/airflow/dags/recommendation_dag.py
[2024-10-02T20:31:13.634+0000] {logging_mixin.py:151} INFO - [2024-10-02T20:31:13.634+0000] {dag.py:2941} INFO - Sync 1 DAGs
[2024-10-02T20:31:13.660+0000] {processor.py:179} INFO - Processing /opt/airflow/dags/recommendation_dag.py took 0.070 seconds
[2024-10-02T20:31:43.842+0000] {processor.py:157} INFO - Started process (PID=49) to work on /opt/airflow/dags/recommendation_dag.py
[2024-10-02T20:31:43.843+0000] {processor.py:829} INFO - Processing file /opt/airflow/dags/recommendation_dag.py for tasks to queue
[2024-10-02T20:31:43.847+0000] {logging_mixin.py:151} INFO - [2024-10-02T20:31:43.847+0000] {dagbag.py:536} INFO - Filling up the DagBag from /opt/airflow/dags/recommendation_dag.py
[2024-10-02T20:31:43.902+0000] {processor.py:839} INFO - DAG(s) dict_keys(['recommendation_dag']) retrieved from /opt/airflow/dags/recommendation_dag.py
[2024-10-02T20:31:43.932+0000] {logging_mixin.py:151} INFO - [2024-10-02T20:31:43.932+0000] {dag.py:2941} INFO - Sync 1 DAGs
[2024-10-02T20:31:43.963+0000] {processor.py:179} INFO - Processing /opt/airflow/dags/recommendation_dag.py took 0.131 seconds
[2024-10-02T20:32:02.101+0000] {processor.py:157} INFO - Started process (PID=68) to work on /opt/airflow/dags/recommendation_dag.py
[2024-10-02T20:32:02.103+0000] {processor.py:829} INFO - Processing file /opt/airflow/dags/recommendation_dag.py for tasks to queue
[2024-10-02T20:32:02.106+0000] {logging_mixin.py:151} INFO - [2024-10-02T20:32:02.105+0000] {dagbag.py:536} INFO - Filling up the DagBag from /opt/airflow/dags/recommendation_dag.py
[2024-10-02T20:32:02.127+0000] {processor.py:839} INFO - DAG(s) dict_keys(['recommendation_dag']) retrieved from /opt/airflow/dags/recommendation_dag.py
[2024-10-02T20:32:02.284+0000] {logging_mixin.py:151} INFO - [2024-10-02T20:32:02.284+0000] {dag.py:2941} INFO - Sync 1 DAGs
[2024-10-02T20:32:02.298+0000] {logging_mixin.py:151} INFO - [2024-10-02T20:32:02.297+0000] {dag.py:3722} INFO - Setting next_dagrun for recommendation_dag to 2024-01-01T00:00:00+00:00, run_after=2024-01-02T00:00:00+00:00
[2024-10-02T20:32:02.314+0000] {processor.py:179} INFO - Processing /opt/airflow/dags/recommendation_dag.py took 0.216 seconds
[2024-10-02T20:38:01.770+0000] {processor.py:157} INFO - Started process (PID=35) to work on /opt/airflow/dags/recommendation_dag.py
[2024-10-02T20:38:01.773+0000] {processor.py:829} INFO - Processing file /opt/airflow/dags/recommendation_dag.py for tasks to queue
[2024-10-02T20:38:01.776+0000] {logging_mixin.py:151} INFO - [2024-10-02T20:38:01.775+0000] {dagbag.py:536} INFO - Filling up the DagBag from /opt/airflow/dags/recommendation_dag.py
[2024-10-02T20:38:01.788+0000] {processor.py:839} INFO - DAG(s) dict_keys(['recommendation_dag']) retrieved from /opt/airflow/dags/recommendation_dag.py
[2024-10-02T20:38:01.802+0000] {logging_mixin.py:151} INFO - [2024-10-02T20:38:01.801+0000] {dag.py:2941} INFO - Sync 1 DAGs
[2024-10-02T20:38:01.852+0000] {processor.py:179} INFO - Processing /opt/airflow/dags/recommendation_dag.py took 0.084 seconds
[2024-10-02T20:38:32.096+0000] {processor.py:157} INFO - Started process (PID=47) to work on /opt/airflow/dags/recommendation_dag.py
[2024-10-02T20:38:32.097+0000] {processor.py:829} INFO - Processing file /opt/airflow/dags/recommendation_dag.py for tasks to queue
[2024-10-02T20:38:32.100+0000] {logging_mixin.py:151} INFO - [2024-10-02T20:38:32.100+0000] {dagbag.py:536} INFO - Filling up the DagBag from /opt/airflow/dags/recommendation_dag.py
[2024-10-02T20:38:32.123+0000] {processor.py:839} INFO - DAG(s) dict_keys(['recommendation_dag']) retrieved from /opt/airflow/dags/recommendation_dag.py
[2024-10-02T20:38:32.160+0000] {logging_mixin.py:151} INFO - [2024-10-02T20:38:32.160+0000] {dag.py:2941} INFO - Sync 1 DAGs
[2024-10-02T20:38:32.185+0000] {processor.py:179} INFO - Processing /opt/airflow/dags/recommendation_dag.py took 0.093 seconds
[2024-10-02T20:39:02.509+0000] {processor.py:157} INFO - Started process (PID=48) to work on /opt/airflow/dags/recommendation_dag.py
[2024-10-02T20:39:02.510+0000] {processor.py:829} INFO - Processing file /opt/airflow/dags/recommendation_dag.py for tasks to queue
[2024-10-02T20:39:02.514+0000] {logging_mixin.py:151} INFO - [2024-10-02T20:39:02.513+0000] {dagbag.py:536} INFO - Filling up the DagBag from /opt/airflow/dags/recommendation_dag.py
[2024-10-02T20:39:02.537+0000] {processor.py:839} INFO - DAG(s) dict_keys(['recommendation_dag']) retrieved from /opt/airflow/dags/recommendation_dag.py
[2024-10-02T20:39:02.573+0000] {logging_mixin.py:151} INFO - [2024-10-02T20:39:02.572+0000] {dag.py:2941} INFO - Sync 1 DAGs
[2024-10-02T20:39:02.610+0000] {processor.py:179} INFO - Processing /opt/airflow/dags/recommendation_dag.py took 0.106 seconds
[2024-10-02T20:39:32.748+0000] {processor.py:157} INFO - Started process (PID=49) to work on /opt/airflow/dags/recommendation_dag.py
[2024-10-02T20:39:32.749+0000] {processor.py:829} INFO - Processing file /opt/airflow/dags/recommendation_dag.py for tasks to queue
[2024-10-02T20:39:32.751+0000] {logging_mixin.py:151} INFO - [2024-10-02T20:39:32.751+0000] {dagbag.py:536} INFO - Filling up the DagBag from /opt/airflow/dags/recommendation_dag.py
[2024-10-02T20:39:32.765+0000] {processor.py:839} INFO - DAG(s) dict_keys(['recommendation_dag']) retrieved from /opt/airflow/dags/recommendation_dag.py
[2024-10-02T20:39:32.788+0000] {logging_mixin.py:151} INFO - [2024-10-02T20:39:32.788+0000] {dag.py:2941} INFO - Sync 1 DAGs
[2024-10-02T20:39:32.820+0000] {processor.py:179} INFO - Processing /opt/airflow/dags/recommendation_dag.py took 0.077 seconds
[2024-10-02T20:40:03.099+0000] {processor.py:157} INFO - Started process (PID=50) to work on /opt/airflow/dags/recommendation_dag.py
[2024-10-02T20:40:03.100+0000] {processor.py:829} INFO - Processing file /opt/airflow/dags/recommendation_dag.py for tasks to queue
[2024-10-02T20:40:03.105+0000] {logging_mixin.py:151} INFO - [2024-10-02T20:40:03.104+0000] {dagbag.py:536} INFO - Filling up the DagBag from /opt/airflow/dags/recommendation_dag.py
[2024-10-02T20:40:03.129+0000] {processor.py:839} INFO - DAG(s) dict_keys(['recommendation_dag']) retrieved from /opt/airflow/dags/recommendation_dag.py
[2024-10-02T20:40:03.168+0000] {logging_mixin.py:151} INFO - [2024-10-02T20:40:03.168+0000] {dag.py:2941} INFO - Sync 1 DAGs
[2024-10-02T20:40:03.201+0000] {processor.py:179} INFO - Processing /opt/airflow/dags/recommendation_dag.py took 0.106 seconds
[2024-10-02T20:40:33.340+0000] {processor.py:157} INFO - Started process (PID=80) to work on /opt/airflow/dags/recommendation_dag.py
[2024-10-02T20:40:33.341+0000] {processor.py:829} INFO - Processing file /opt/airflow/dags/recommendation_dag.py for tasks to queue
[2024-10-02T20:40:33.344+0000] {logging_mixin.py:151} INFO - [2024-10-02T20:40:33.344+0000] {dagbag.py:536} INFO - Filling up the DagBag from /opt/airflow/dags/recommendation_dag.py
[2024-10-02T20:40:33.358+0000] {processor.py:839} INFO - DAG(s) dict_keys(['recommendation_dag']) retrieved from /opt/airflow/dags/recommendation_dag.py
[2024-10-02T20:40:33.380+0000] {logging_mixin.py:151} INFO - [2024-10-02T20:40:33.380+0000] {dag.py:2941} INFO - Sync 1 DAGs
[2024-10-02T20:40:33.405+0000] {processor.py:179} INFO - Processing /opt/airflow/dags/recommendation_dag.py took 0.068 seconds
[2024-10-02T20:41:03.711+0000] {processor.py:157} INFO - Started process (PID=81) to work on /opt/airflow/dags/recommendation_dag.py
[2024-10-02T20:41:03.714+0000] {processor.py:829} INFO - Processing file /opt/airflow/dags/recommendation_dag.py for tasks to queue
[2024-10-02T20:41:03.722+0000] {logging_mixin.py:151} INFO - [2024-10-02T20:41:03.722+0000] {dagbag.py:536} INFO - Filling up the DagBag from /opt/airflow/dags/recommendation_dag.py
[2024-10-02T20:41:03.743+0000] {processor.py:839} INFO - DAG(s) dict_keys(['recommendation_dag']) retrieved from /opt/airflow/dags/recommendation_dag.py
[2024-10-02T20:41:03.800+0000] {logging_mixin.py:151} INFO - [2024-10-02T20:41:03.800+0000] {dag.py:2941} INFO - Sync 1 DAGs
[2024-10-02T20:41:03.856+0000] {processor.py:179} INFO - Processing /opt/airflow/dags/recommendation_dag.py took 0.159 seconds
[2024-10-02T20:41:33.989+0000] {processor.py:157} INFO - Started process (PID=82) to work on /opt/airflow/dags/recommendation_dag.py
[2024-10-02T20:41:33.990+0000] {processor.py:829} INFO - Processing file /opt/airflow/dags/recommendation_dag.py for tasks to queue
[2024-10-02T20:41:33.993+0000] {logging_mixin.py:151} INFO - [2024-10-02T20:41:33.993+0000] {dagbag.py:536} INFO - Filling up the DagBag from /opt/airflow/dags/recommendation_dag.py
[2024-10-02T20:41:34.012+0000] {processor.py:839} INFO - DAG(s) dict_keys(['recommendation_dag']) retrieved from /opt/airflow/dags/recommendation_dag.py
[2024-10-02T20:41:34.039+0000] {logging_mixin.py:151} INFO - [2024-10-02T20:41:34.039+0000] {dag.py:2941} INFO - Sync 1 DAGs
[2024-10-02T20:41:34.071+0000] {processor.py:179} INFO - Processing /opt/airflow/dags/recommendation_dag.py took 0.085 seconds
[2024-10-02T20:41:47.072+0000] {processor.py:157} INFO - Started process (PID=83) to work on /opt/airflow/dags/recommendation_dag.py
[2024-10-02T20:41:47.073+0000] {processor.py:829} INFO - Processing file /opt/airflow/dags/recommendation_dag.py for tasks to queue
[2024-10-02T20:41:47.074+0000] {logging_mixin.py:151} INFO - [2024-10-02T20:41:47.074+0000] {dagbag.py:536} INFO - Filling up the DagBag from /opt/airflow/dags/recommendation_dag.py
[2024-10-02T20:41:47.088+0000] {processor.py:839} INFO - DAG(s) dict_keys(['recommendation_dag']) retrieved from /opt/airflow/dags/recommendation_dag.py
[2024-10-02T20:41:47.109+0000] {logging_mixin.py:151} INFO - [2024-10-02T20:41:47.109+0000] {dag.py:2941} INFO - Sync 1 DAGs
[2024-10-02T20:41:47.152+0000] {processor.py:179} INFO - Processing /opt/airflow/dags/recommendation_dag.py took 0.085 seconds
[2024-10-02T20:43:00.910+0000] {processor.py:157} INFO - Started process (PID=35) to work on /opt/airflow/dags/recommendation_dag.py
[2024-10-02T20:43:00.912+0000] {processor.py:829} INFO - Processing file /opt/airflow/dags/recommendation_dag.py for tasks to queue
[2024-10-02T20:43:00.916+0000] {logging_mixin.py:151} INFO - [2024-10-02T20:43:00.916+0000] {dagbag.py:536} INFO - Filling up the DagBag from /opt/airflow/dags/recommendation_dag.py
[2024-10-02T20:43:00.926+0000] {processor.py:839} INFO - DAG(s) dict_keys(['recommendation_dag']) retrieved from /opt/airflow/dags/recommendation_dag.py
[2024-10-02T20:43:00.942+0000] {logging_mixin.py:151} INFO - [2024-10-02T20:43:00.942+0000] {dag.py:2941} INFO - Sync 1 DAGs
[2024-10-02T20:43:00.998+0000] {processor.py:179} INFO - Processing /opt/airflow/dags/recommendation_dag.py took 0.092 seconds
[2024-10-02T20:43:31.326+0000] {processor.py:157} INFO - Started process (PID=47) to work on /opt/airflow/dags/recommendation_dag.py
[2024-10-02T20:43:31.327+0000] {processor.py:829} INFO - Processing file /opt/airflow/dags/recommendation_dag.py for tasks to queue
[2024-10-02T20:43:31.330+0000] {logging_mixin.py:151} INFO - [2024-10-02T20:43:31.330+0000] {dagbag.py:536} INFO - Filling up the DagBag from /opt/airflow/dags/recommendation_dag.py
[2024-10-02T20:43:31.349+0000] {processor.py:839} INFO - DAG(s) dict_keys(['recommendation_dag']) retrieved from /opt/airflow/dags/recommendation_dag.py
[2024-10-02T20:43:31.391+0000] {logging_mixin.py:151} INFO - [2024-10-02T20:43:31.391+0000] {dag.py:2941} INFO - Sync 1 DAGs
[2024-10-02T20:43:31.420+0000] {processor.py:179} INFO - Processing /opt/airflow/dags/recommendation_dag.py took 0.097 seconds
[2024-10-02T20:44:01.634+0000] {processor.py:157} INFO - Started process (PID=48) to work on /opt/airflow/dags/recommendation_dag.py
[2024-10-02T20:44:01.637+0000] {processor.py:829} INFO - Processing file /opt/airflow/dags/recommendation_dag.py for tasks to queue
[2024-10-02T20:44:01.658+0000] {logging_mixin.py:151} INFO - [2024-10-02T20:44:01.654+0000] {dagbag.py:536} INFO - Filling up the DagBag from /opt/airflow/dags/recommendation_dag.py
[2024-10-02T20:44:01.689+0000] {processor.py:839} INFO - DAG(s) dict_keys(['recommendation_dag']) retrieved from /opt/airflow/dags/recommendation_dag.py
[2024-10-02T20:44:01.728+0000] {logging_mixin.py:151} INFO - [2024-10-02T20:44:01.728+0000] {dag.py:2941} INFO - Sync 1 DAGs
[2024-10-02T20:44:01.765+0000] {processor.py:179} INFO - Processing /opt/airflow/dags/recommendation_dag.py took 0.137 seconds
