[2024-10-01T19:47:40.019+0000] {taskinstance.py:1159} INFO - Dependencies all met for dep_context=non-requeueable deps ti=<TaskInstance: recommendation_dag.run_recommendation_system scheduled__2024-01-01T03:48:00+00:00 [queued]>
[2024-10-01T19:47:40.026+0000] {taskinstance.py:1159} INFO - Dependencies all met for dep_context=requeueable deps ti=<TaskInstance: recommendation_dag.run_recommendation_system scheduled__2024-01-01T03:48:00+00:00 [queued]>
[2024-10-01T19:47:40.027+0000] {taskinstance.py:1361} INFO - Starting attempt 1 of 2
[2024-10-01T19:47:40.036+0000] {taskinstance.py:1382} INFO - Executing <Task(PythonOperator): run_recommendation_system> on 2024-01-01 03:48:00+00:00
[2024-10-01T19:47:40.039+0000] {standard_task_runner.py:57} INFO - Started process 307 to run task
[2024-10-01T19:47:40.042+0000] {standard_task_runner.py:84} INFO - Running: ['***', 'tasks', 'run', 'recommendation_dag', 'run_recommendation_system', 'scheduled__2024-01-01T03:48:00+00:00', '--job-id', '267', '--raw', '--subdir', 'DAGS_FOLDER/recommendation_dag.py', '--cfg-path', '/tmp/tmpejvnrpe_']
[2024-10-01T19:47:40.043+0000] {standard_task_runner.py:85} INFO - Job 267: Subtask run_recommendation_system
[2024-10-01T19:47:40.051+0000] {warnings.py:109} WARNING - /home/***/.local/lib/python3.8/site-packages/***/settings.py:193: DeprecationWarning: The sql_alchemy_conn option in [core] has been moved to the sql_alchemy_conn option in [database] - the old setting has been used, but please update your config.
  SQL_ALCHEMY_CONN = conf.get("database", "SQL_ALCHEMY_CONN")

[2024-10-01T19:47:40.074+0000] {task_command.py:416} INFO - Running <TaskInstance: recommendation_dag.run_recommendation_system scheduled__2024-01-01T03:48:00+00:00 [running]> on host 117b242ef823
[2024-10-01T19:47:40.128+0000] {taskinstance.py:1662} INFO - Exporting env vars: AIRFLOW_CTX_DAG_OWNER='***' AIRFLOW_CTX_DAG_ID='recommendation_dag' AIRFLOW_CTX_TASK_ID='run_recommendation_system' AIRFLOW_CTX_EXECUTION_DATE='2024-01-01T03:48:00+00:00' AIRFLOW_CTX_TRY_NUMBER='1' AIRFLOW_CTX_DAG_RUN_ID='scheduled__2024-01-01T03:48:00+00:00'
[2024-10-01T19:47:40.134+0000] {taskinstance.py:1937} ERROR - Task failed with exception
Traceback (most recent call last):
  File "/home/airflow/.local/lib/python3.8/site-packages/airflow/operators/python.py", line 192, in execute
    return_value = self.execute_callable()
  File "/home/airflow/.local/lib/python3.8/site-packages/airflow/operators/python.py", line 209, in execute_callable
    return self.python_callable(*self.op_args, **self.op_kwargs)
  File "/opt/airflow/dags/recommendation_dag.py", line 17, in run_spark_job
    call(["spark-submit", "/sparkdata/recommendation.py"])
  File "/usr/local/lib/python3.8/subprocess.py", line 340, in call
    with Popen(*popenargs, **kwargs) as p:
  File "/usr/local/lib/python3.8/subprocess.py", line 858, in __init__
    self._execute_child(args, executable, preexec_fn, close_fds,
  File "/usr/local/lib/python3.8/subprocess.py", line 1720, in _execute_child
    raise child_exception_type(errno_num, err_msg, err_filename)
PermissionError: [Errno 13] Permission denied: 'spark-submit'
[2024-10-01T19:47:40.143+0000] {taskinstance.py:1400} INFO - Marking task as UP_FOR_RETRY. dag_id=recommendation_dag, task_id=run_recommendation_system, execution_date=20240101T034800, start_date=20241001T194740, end_date=20241001T194740
[2024-10-01T19:47:40.153+0000] {standard_task_runner.py:104} ERROR - Failed to execute job 267 for task run_recommendation_system ([Errno 13] Permission denied: 'spark-submit'; 307)
[2024-10-01T19:47:40.199+0000] {local_task_job_runner.py:228} INFO - Task exited with return code 1
[2024-10-01T19:47:40.237+0000] {taskinstance.py:2778} INFO - 0 downstream tasks scheduled from follow-on schedule check
[2024-10-02T20:29:59.747+0000] {taskinstance.py:1159} INFO - Dependencies all met for dep_context=non-requeueable deps ti=<TaskInstance: recommendation_dag.run_recommendation_system scheduled__2024-01-01T03:48:00+00:00 [queued]>
[2024-10-02T20:29:59.754+0000] {taskinstance.py:1159} INFO - Dependencies all met for dep_context=requeueable deps ti=<TaskInstance: recommendation_dag.run_recommendation_system scheduled__2024-01-01T03:48:00+00:00 [queued]>
[2024-10-02T20:29:59.760+0000] {taskinstance.py:1361} INFO - Starting attempt 1 of 2
[2024-10-02T20:29:59.782+0000] {taskinstance.py:1382} INFO - Executing <Task(PythonOperator): run_recommendation_system> on 2024-01-01 03:48:00+00:00
[2024-10-02T20:29:59.786+0000] {standard_task_runner.py:57} INFO - Started process 109 to run task
[2024-10-02T20:29:59.803+0000] {standard_task_runner.py:84} INFO - Running: ['***', 'tasks', 'run', 'recommendation_dag', 'run_recommendation_system', 'scheduled__2024-01-01T03:48:00+00:00', '--job-id', '231', '--raw', '--subdir', 'DAGS_FOLDER/recommendation_dag.py', '--cfg-path', '/tmp/tmpap6pg36g']
[2024-10-02T20:29:59.807+0000] {standard_task_runner.py:85} INFO - Job 231: Subtask run_recommendation_system
[2024-10-02T20:29:59.832+0000] {warnings.py:109} WARNING - /home/***/.local/lib/python3.8/site-packages/***/settings.py:193: DeprecationWarning: The sql_alchemy_conn option in [core] has been moved to the sql_alchemy_conn option in [database] - the old setting has been used, but please update your config.
  SQL_ALCHEMY_CONN = conf.get("database", "SQL_ALCHEMY_CONN")

[2024-10-02T20:29:59.937+0000] {task_command.py:416} INFO - Running <TaskInstance: recommendation_dag.run_recommendation_system scheduled__2024-01-01T03:48:00+00:00 [running]> on host d68b641ebafa
[2024-10-02T20:30:00.074+0000] {taskinstance.py:1662} INFO - Exporting env vars: AIRFLOW_CTX_DAG_OWNER='***' AIRFLOW_CTX_DAG_ID='recommendation_dag' AIRFLOW_CTX_TASK_ID='run_recommendation_system' AIRFLOW_CTX_EXECUTION_DATE='2024-01-01T03:48:00+00:00' AIRFLOW_CTX_TRY_NUMBER='1' AIRFLOW_CTX_DAG_RUN_ID='scheduled__2024-01-01T03:48:00+00:00'
[2024-10-02T20:30:00.090+0000] {taskinstance.py:1937} ERROR - Task failed with exception
Traceback (most recent call last):
  File "/home/airflow/.local/lib/python3.8/site-packages/airflow/operators/python.py", line 192, in execute
    return_value = self.execute_callable()
  File "/home/airflow/.local/lib/python3.8/site-packages/airflow/operators/python.py", line 209, in execute_callable
    return self.python_callable(*self.op_args, **self.op_kwargs)
  File "/opt/airflow/dags/recommendation_dag.py", line 17, in run_spark_job
    call(["spark-submit", "/sparkdata/recommendation.py"])
  File "/usr/local/lib/python3.8/subprocess.py", line 340, in call
    with Popen(*popenargs, **kwargs) as p:
  File "/usr/local/lib/python3.8/subprocess.py", line 858, in __init__
    self._execute_child(args, executable, preexec_fn, close_fds,
  File "/usr/local/lib/python3.8/subprocess.py", line 1720, in _execute_child
    raise child_exception_type(errno_num, err_msg, err_filename)
PermissionError: [Errno 13] Permission denied: 'spark-submit'
[2024-10-02T20:30:00.135+0000] {taskinstance.py:1400} INFO - Marking task as UP_FOR_RETRY. dag_id=recommendation_dag, task_id=run_recommendation_system, execution_date=20240101T034800, start_date=20241002T202959, end_date=20241002T203000
[2024-10-02T20:30:00.180+0000] {standard_task_runner.py:104} ERROR - Failed to execute job 231 for task run_recommendation_system ([Errno 13] Permission denied: 'spark-submit'; 109)
[2024-10-02T20:30:00.207+0000] {local_task_job_runner.py:228} INFO - Task exited with return code 1
[2024-10-02T20:30:00.225+0000] {taskinstance.py:2778} INFO - 0 downstream tasks scheduled from follow-on schedule check
