[2024-10-01T17:27:21.430+0000] {taskinstance.py:1159} INFO - Dependencies all met for dep_context=non-requeueable deps ti=<TaskInstance: recommendation_dag.run_recommendation_system scheduled__2024-01-01T01:30:00+00:00 [queued]>
[2024-10-01T17:27:21.436+0000] {taskinstance.py:1159} INFO - Dependencies all met for dep_context=requeueable deps ti=<TaskInstance: recommendation_dag.run_recommendation_system scheduled__2024-01-01T01:30:00+00:00 [queued]>
[2024-10-01T17:27:21.438+0000] {taskinstance.py:1361} INFO - Starting attempt 2 of 2
[2024-10-01T17:27:21.444+0000] {taskinstance.py:1382} INFO - Executing <Task(PythonOperator): run_recommendation_system> on 2024-01-01 01:30:00+00:00
[2024-10-01T17:27:21.447+0000] {standard_task_runner.py:57} INFO - Started process 337 to run task
[2024-10-01T17:27:21.449+0000] {standard_task_runner.py:84} INFO - Running: ['***', 'tasks', 'run', 'recommendation_dag', 'run_recommendation_system', 'scheduled__2024-01-01T01:30:00+00:00', '--job-id', '132', '--raw', '--subdir', 'DAGS_FOLDER/recommendation_dag.py', '--cfg-path', '/tmp/tmpdpzca41i']
[2024-10-01T17:27:21.450+0000] {standard_task_runner.py:85} INFO - Job 132: Subtask run_recommendation_system
[2024-10-01T17:27:21.458+0000] {warnings.py:109} WARNING - /home/***/.local/lib/python3.8/site-packages/***/settings.py:193: DeprecationWarning: The sql_alchemy_conn option in [core] has been moved to the sql_alchemy_conn option in [database] - the old setting has been used, but please update your config.
  SQL_ALCHEMY_CONN = conf.get("database", "SQL_ALCHEMY_CONN")

[2024-10-01T17:27:21.480+0000] {task_command.py:416} INFO - Running <TaskInstance: recommendation_dag.run_recommendation_system scheduled__2024-01-01T01:30:00+00:00 [running]> on host 67fc133b154a
[2024-10-01T17:27:21.520+0000] {taskinstance.py:1662} INFO - Exporting env vars: AIRFLOW_CTX_DAG_OWNER='***' AIRFLOW_CTX_DAG_ID='recommendation_dag' AIRFLOW_CTX_TASK_ID='run_recommendation_system' AIRFLOW_CTX_EXECUTION_DATE='2024-01-01T01:30:00+00:00' AIRFLOW_CTX_TRY_NUMBER='2' AIRFLOW_CTX_DAG_RUN_ID='scheduled__2024-01-01T01:30:00+00:00'
[2024-10-01T17:27:21.527+0000] {taskinstance.py:1937} ERROR - Task failed with exception
Traceback (most recent call last):
  File "/home/airflow/.local/lib/python3.8/site-packages/airflow/operators/python.py", line 192, in execute
    return_value = self.execute_callable()
  File "/home/airflow/.local/lib/python3.8/site-packages/airflow/operators/python.py", line 209, in execute_callable
    return self.python_callable(*self.op_args, **self.op_kwargs)
  File "/opt/airflow/dags/recommendation_dag.py", line 17, in run_spark_job
    call(["spark-submit", "/sparkdata/recommendation.py"])
  File "/usr/local/lib/python3.8/subprocess.py", line 340, in call
    with Popen(*popenargs, **kwargs) as p:
  File "/usr/local/lib/python3.8/subprocess.py", line 858, in __init__
    self._execute_child(args, executable, preexec_fn, close_fds,
  File "/usr/local/lib/python3.8/subprocess.py", line 1720, in _execute_child
    raise child_exception_type(errno_num, err_msg, err_filename)
PermissionError: [Errno 13] Permission denied: 'spark-submit'
[2024-10-01T17:27:21.534+0000] {taskinstance.py:1400} INFO - Marking task as FAILED. dag_id=recommendation_dag, task_id=run_recommendation_system, execution_date=20240101T013000, start_date=20241001T172721, end_date=20241001T172721
[2024-10-01T17:27:21.541+0000] {standard_task_runner.py:104} ERROR - Failed to execute job 132 for task run_recommendation_system ([Errno 13] Permission denied: 'spark-submit'; 337)
[2024-10-01T17:27:21.548+0000] {local_task_job_runner.py:228} INFO - Task exited with return code 1
[2024-10-01T17:27:21.557+0000] {taskinstance.py:2778} INFO - 0 downstream tasks scheduled from follow-on schedule check
[2024-10-02T20:20:28.209+0000] {taskinstance.py:1159} INFO - Dependencies all met for dep_context=non-requeueable deps ti=<TaskInstance: recommendation_dag.run_recommendation_system scheduled__2024-01-01T01:30:00+00:00 [queued]>
[2024-10-02T20:20:28.218+0000] {taskinstance.py:1159} INFO - Dependencies all met for dep_context=requeueable deps ti=<TaskInstance: recommendation_dag.run_recommendation_system scheduled__2024-01-01T01:30:00+00:00 [queued]>
[2024-10-02T20:20:28.222+0000] {taskinstance.py:1361} INFO - Starting attempt 2 of 2
[2024-10-02T20:20:28.261+0000] {taskinstance.py:1382} INFO - Executing <Task(PythonOperator): run_recommendation_system> on 2024-01-01 01:30:00+00:00
[2024-10-02T20:20:28.268+0000] {standard_task_runner.py:57} INFO - Started process 336 to run task
[2024-10-02T20:20:28.272+0000] {standard_task_runner.py:84} INFO - Running: ['***', 'tasks', 'run', 'recommendation_dag', 'run_recommendation_system', 'scheduled__2024-01-01T01:30:00+00:00', '--job-id', '95', '--raw', '--subdir', 'DAGS_FOLDER/recommendation_dag.py', '--cfg-path', '/tmp/tmpad_b5ych']
[2024-10-02T20:20:28.273+0000] {standard_task_runner.py:85} INFO - Job 95: Subtask run_recommendation_system
[2024-10-02T20:20:28.286+0000] {warnings.py:109} WARNING - /home/***/.local/lib/python3.8/site-packages/***/settings.py:193: DeprecationWarning: The sql_alchemy_conn option in [core] has been moved to the sql_alchemy_conn option in [database] - the old setting has been used, but please update your config.
  SQL_ALCHEMY_CONN = conf.get("database", "SQL_ALCHEMY_CONN")

[2024-10-02T20:20:28.317+0000] {task_command.py:416} INFO - Running <TaskInstance: recommendation_dag.run_recommendation_system scheduled__2024-01-01T01:30:00+00:00 [running]> on host 2fa40570c946
[2024-10-02T20:20:28.362+0000] {taskinstance.py:1662} INFO - Exporting env vars: AIRFLOW_CTX_DAG_OWNER='***' AIRFLOW_CTX_DAG_ID='recommendation_dag' AIRFLOW_CTX_TASK_ID='run_recommendation_system' AIRFLOW_CTX_EXECUTION_DATE='2024-01-01T01:30:00+00:00' AIRFLOW_CTX_TRY_NUMBER='2' AIRFLOW_CTX_DAG_RUN_ID='scheduled__2024-01-01T01:30:00+00:00'
[2024-10-02T20:20:28.369+0000] {taskinstance.py:1937} ERROR - Task failed with exception
Traceback (most recent call last):
  File "/home/airflow/.local/lib/python3.8/site-packages/airflow/operators/python.py", line 192, in execute
    return_value = self.execute_callable()
  File "/home/airflow/.local/lib/python3.8/site-packages/airflow/operators/python.py", line 209, in execute_callable
    return self.python_callable(*self.op_args, **self.op_kwargs)
  File "/opt/airflow/dags/recommendation_dag.py", line 17, in run_spark_job
    call(["spark-submit", "/sparkdata/recommendation.py"])
  File "/usr/local/lib/python3.8/subprocess.py", line 340, in call
    with Popen(*popenargs, **kwargs) as p:
  File "/usr/local/lib/python3.8/subprocess.py", line 858, in __init__
    self._execute_child(args, executable, preexec_fn, close_fds,
  File "/usr/local/lib/python3.8/subprocess.py", line 1720, in _execute_child
    raise child_exception_type(errno_num, err_msg, err_filename)
PermissionError: [Errno 13] Permission denied: 'spark-submit'
[2024-10-02T20:20:28.379+0000] {taskinstance.py:1400} INFO - Marking task as FAILED. dag_id=recommendation_dag, task_id=run_recommendation_system, execution_date=20240101T013000, start_date=20241002T202028, end_date=20241002T202028
[2024-10-02T20:20:28.388+0000] {standard_task_runner.py:104} ERROR - Failed to execute job 95 for task run_recommendation_system ([Errno 13] Permission denied: 'spark-submit'; 336)
[2024-10-02T20:20:28.412+0000] {local_task_job_runner.py:228} INFO - Task exited with return code 1
[2024-10-02T20:20:28.423+0000] {taskinstance.py:2778} INFO - 0 downstream tasks scheduled from follow-on schedule check
